This is pdfTeX, Version 3.141592653-2.6-1.40.27 (MiKTeX 25.3) (preloaded format=pdflatex 2025.3.22)  23 MAR 2025 03:40
entering extended mode
 restricted \write18 enabled.
 %&-line parsing enabled.
**./Abschlussarbeit.tex
(Abschlussarbeit.tex
LaTeX2e <2024-11-01> patch level 2
L3 programming layer <2025-01-18>

(C:\Users\Julius\AppData\Local\Programs\MiKTeX\tex/latex/koma-script\scrbook.cl
s
Document Class: scrbook 2024/10/24 v3.43 KOMA-Script document class (book)

(C:\Users\Julius\AppData\Local\Programs\MiKTeX\tex/latex/koma-script\scrkbase.s
ty
Package: scrkbase 2024/10/24 v3.43 KOMA-Script package (KOMA-Script-dependent b
asics and keyval usage)

(C:\Users\Julius\AppData\Local\Programs\MiKTeX\tex/latex/koma-script\scrbase.st
y
Package: scrbase 2024/10/24 v3.43 KOMA-Script package (KOMA-Script-independent 
basics and keyval usage)

(C:\Users\Julius\AppData\Local\Programs\MiKTeX\tex/latex/koma-script\scrlfile.s
ty
Package: scrlfile 2024/10/24 v3.43 KOMA-Script package (file load hooks)

(C:\Users\Julius\AppData\Local\Programs\MiKTeX\tex/latex/koma-script\scrlfile-h
ook.sty
Package: scrlfile-hook 2024/10/24 v3.43 KOMA-Script package (using LaTeX hooks)


(C:\Users\Julius\AppData\Local\Programs\MiKTeX\tex/latex/koma-script\scrlogo.st
y
Package: scrlogo 2024/10/24 v3.43 KOMA-Script package (logo)
)))
(C:\Users\Julius\AppData\Local\Programs\MiKTeX\tex/latex/graphics\keyval.sty
Package: keyval 2022/05/29 v1.15 key=value parser (DPC)
\KV@toks@=\toks17
)
Applying: [2021/05/01] Usage of raw or classic option list on input line 254.
Already applied: [0000/00/00] Usage of raw or classic option list on input line
 370.
))
(C:\Users\Julius\AppData\Local\Programs\MiKTeX\tex/latex/koma-script\tocbasic.s
ty
Package: tocbasic 2024/10/24 v3.43 KOMA-Script package (handling toc-files)
\scr@dte@tocline@numberwidth=\skip49
\scr@dte@tocline@numbox=\box52
)
Package tocbasic Info: omitting babel extension for `toc'
(tocbasic)             because of feature `nobabel' available
(tocbasic)             for `toc' on input line 137.
Package scrbook Info: You've used standard option `12pt'.
(scrbook)             This is correct!
(scrbook)             Internally I'm using `fontsize=12pt'.
(scrbook)             If you'd like to set the option with \KOMAoptions,
(scrbook)             you'd have to use `fontsize=12pt' there
(scrbook)             instead of `12pt', too.
Class scrbook Info: File `scrsize12pt.clo' used to setup font sizes on input li
ne 2716.

(C:\Users\Julius\AppData\Local\Programs\MiKTeX\tex/latex/koma-script\scrsize12p
t.clo
File: scrsize12pt.clo 2024/10/24 v3.43 KOMA-Script font size class option (12pt
)
)
(C:\Users\Julius\AppData\Local\Programs\MiKTeX\tex/latex/koma-script\typearea.s
ty
Package: typearea 2024/10/24 v3.43 KOMA-Script package (type area)
\ta@bcor=\skip50
\ta@div=\count196
Package typearea Info: You've used standard option `a4paper'.
(typearea)             This is correct!
(typearea)             Internally I'm using `paper=a4'.
(typearea)             If you'd like to set the option with \KOMAoptions,
(typearea)             you'd have to use `paper=a4' there
(typearea)             instead of `a4paper', too.
\ta@hblk=\skip51
\ta@vblk=\skip52
\ta@temp=\skip53
\footheight=\skip54
Package typearea Info: These are the values describing the layout:
(typearea)             DIV  = 12
(typearea)             BCOR = 0.0pt
(typearea)             \paperwidth      = 597.50793pt
(typearea)              \textwidth      = 448.13095pt
(typearea)              DIV departure   = -6%
(typearea)              \evensidemargin = 27.31467pt
(typearea)              \oddsidemargin  = -22.47766pt
(typearea)             \paperheight     = 845.04694pt
(typearea)              \textheight     = 606.5pt
(typearea)              \topmargin      = -1.84941pt
(typearea)              \headheight     = 18.125pt
(typearea)              \headsep        = 21.75pt
(typearea)              \topskip        = 12.0pt
(typearea)              \footskip       = 50.75pt
(typearea)              \baselineskip   = 14.5pt
(typearea)              on input line 1802.
)
\c@part=\count197
\c@chapter=\count198
\c@section=\count199
\c@subsection=\count266
\c@subsubsection=\count267
\c@paragraph=\count268
\c@subparagraph=\count269
\scr@dte@chapter@maxnumwidth=\skip55
Class scrbook Info: using compatibility default `afterindent=bysign'
(scrbook)           for `\chapter on input line 6016.
\scr@dte@section@maxnumwidth=\skip56
Class scrbook Info: using compatibility default `runin=bysign'
(scrbook)           for `\section on input line 6027.
Class scrbook Info: using compatibility default `afterindent=bysign'
(scrbook)           for `\section on input line 6027.
\scr@dte@part@maxnumwidth=\skip57
Class scrbook Info: using compatibility default `afterindent=true'
(scrbook)           for `\part on input line 6036.
\scr@dte@subsection@maxnumwidth=\skip58
Class scrbook Info: using compatibility default `runin=bysign'
(scrbook)           for `\subsection on input line 6046.
Class scrbook Info: using compatibility default `afterindent=bysign'
(scrbook)           for `\subsection on input line 6046.
\scr@dte@subsubsection@maxnumwidth=\skip59
Class scrbook Info: using compatibility default `runin=bysign'
(scrbook)           for `\subsubsection on input line 6056.
Class scrbook Info: using compatibility default `afterindent=bysign'
(scrbook)           for `\subsubsection on input line 6056.
\scr@dte@paragraph@maxnumwidth=\skip60
Class scrbook Info: using compatibility default `runin=bysign'
(scrbook)           for `\paragraph on input line 6067.
Class scrbook Info: using compatibility default `afterindent=bysign'
(scrbook)           for `\paragraph on input line 6067.
\scr@dte@subparagraph@maxnumwidth=\skip61
Class scrbook Info: using compatibility default `runin=bysign'
(scrbook)           for `\subparagraph on input line 6077.
Class scrbook Info: using compatibility default `afterindent=bysign'
(scrbook)           for `\subparagraph on input line 6077.
\abovecaptionskip=\skip62
\belowcaptionskip=\skip63
\c@pti@nb@sid@b@x=\box53
Package tocbasic Info: omitting babel extension for `lof'
(tocbasic)             because of feature `nobabel' available
(tocbasic)             for `lof' on input line 7271.
\scr@dte@figure@maxnumwidth=\skip64
\c@figure=\count270
Package tocbasic Info: omitting babel extension for `lot'
(tocbasic)             because of feature `nobabel' available
(tocbasic)             for `lot' on input line 7288.
\scr@dte@table@maxnumwidth=\skip65
\c@table=\count271
Class scrbook Info: Redefining `\numberline' on input line 7459.
\bibindent=\dimen141
) (0_Einstellungen/Pakete.tex
(C:\Users\Julius\AppData\Local\Programs\MiKTeX\tex/generic/babel\babel.sty
Package: babel 2025/02/14 v25.4 The multilingual framework for pdfLaTeX, LuaLaT
eX and XeLaTeX
\babel@savecnt=\count272
\U@D=\dimen142
\l@unhyphenated=\language79

(C:\Users\Julius\AppData\Local\Programs\MiKTeX\tex/generic/babel\txtbabel.def)
\bbl@readstream=\read2
\bbl@dirlevel=\count273

*************************************
* Local config file bblopts.cfg used
*
(C:\Users\Julius\AppData\Local\Programs\MiKTeX\tex/latex/arabi\bblopts.cfg
File: bblopts.cfg 2005/09/08 v0.1 add Arabic and Farsi to "declared" options of
 babel
)
(C:\Users\Julius\AppData\Local\Programs\MiKTeX\tex/latex/babel-german\ngerman.l
df
Language: ngerman 2024/12/10 v2.15 German support for babel (post-1996 orthogra
phy)

(C:\Users\Julius\AppData\Local\Programs\MiKTeX\tex/latex/babel-german\ngermanb.
ldf
Language: ngermanb 2024/12/10 v2.15 German support for babel (post-1996 orthogr
aphy)
Package babel Info: Making " an active character on input line 122.
)))
(C:\Users\Julius\AppData\Local\Programs\MiKTeX\tex/generic/babel/locale/de\babe
l-ngerman.tex
Package babel Info: Importing font and identification data for ngerman
(babel)             from babel-de.ini. Reported on input line 11.
)
(C:\Users\Julius\AppData\Local\Programs\MiKTeX\tex/latex/base\inputenc.sty
Package: inputenc 2024/02/08 v1.3d Input encoding file
\inpenc@prehook=\toks18
\inpenc@posthook=\toks19
)
(C:\Users\Julius\AppData\Local\Programs\MiKTeX\tex/latex/base\fontenc.sty
Package: fontenc 2021/04/29 v2.0v Standard LaTeX package
)
(C:\Users\Julius\AppData\Local\Programs\MiKTeX\tex/latex/amsfonts\amssymb.sty
Package: amssymb 2013/01/14 v3.01 AMS font symbols

(C:\Users\Julius\AppData\Local\Programs\MiKTeX\tex/latex/amsfonts\amsfonts.sty
Package: amsfonts 2013/01/14 v3.01 Basic AMSFonts support
\@emptytoks=\toks20
\symAMSa=\mathgroup4
\symAMSb=\mathgroup5
LaTeX Font Info:    Redeclaring math symbol \hbar on input line 98.
LaTeX Font Info:    Overwriting math alphabet `\mathfrak' in version `bold'
(Font)                  U/euf/m/n --> U/euf/b/n on input line 106.
)) (C:\Users\Julius\AppData\Local\Programs\MiKTeX\tex/latex/amsmath\amsmath.sty
Package: amsmath 2024/11/05 v2.17t AMS math features
\@mathmargin=\skip66

For additional information on amsmath, use the `?' option.
(C:\Users\Julius\AppData\Local\Programs\MiKTeX\tex/latex/amsmath\amstext.sty
Package: amstext 2021/08/26 v2.01 AMS text

(C:\Users\Julius\AppData\Local\Programs\MiKTeX\tex/latex/amsmath\amsgen.sty
File: amsgen.sty 1999/11/30 v2.0 generic functions
\@emptytoks=\toks21
\ex@=\dimen143
))
(C:\Users\Julius\AppData\Local\Programs\MiKTeX\tex/latex/amsmath\amsbsy.sty
Package: amsbsy 1999/11/29 v1.2d Bold Symbols
\pmbraise@=\dimen144
)
(C:\Users\Julius\AppData\Local\Programs\MiKTeX\tex/latex/amsmath\amsopn.sty
Package: amsopn 2022/04/08 v2.04 operator names
)
\inf@bad=\count274
LaTeX Info: Redefining \frac on input line 233.
\uproot@=\count275
\leftroot@=\count276
LaTeX Info: Redefining \overline on input line 398.
LaTeX Info: Redefining \colon on input line 409.
\classnum@=\count277
\DOTSCASE@=\count278
LaTeX Info: Redefining \ldots on input line 495.
LaTeX Info: Redefining \dots on input line 498.
LaTeX Info: Redefining \cdots on input line 619.
\Mathstrutbox@=\box54
\strutbox@=\box55
LaTeX Info: Redefining \big on input line 721.
LaTeX Info: Redefining \Big on input line 722.
LaTeX Info: Redefining \bigg on input line 723.
LaTeX Info: Redefining \Bigg on input line 724.
\big@size=\dimen145
LaTeX Font Info:    Redeclaring font encoding OML on input line 742.
LaTeX Font Info:    Redeclaring font encoding OMS on input line 743.
\macc@depth=\count279
LaTeX Info: Redefining \bmod on input line 904.
LaTeX Info: Redefining \pmod on input line 909.
LaTeX Info: Redefining \smash on input line 939.
LaTeX Info: Redefining \relbar on input line 969.
LaTeX Info: Redefining \Relbar on input line 970.
\c@MaxMatrixCols=\count280
\dotsspace@=\muskip17
\c@parentequation=\count281
\dspbrk@lvl=\count282
\tag@help=\toks22
\row@=\count283
\column@=\count284
\maxfields@=\count285
\andhelp@=\toks23
\eqnshift@=\dimen146
\alignsep@=\dimen147
\tagshift@=\dimen148
\tagwidth@=\dimen149
\totwidth@=\dimen150
\lineht@=\dimen151
\@envbody=\toks24
\multlinegap=\skip67
\multlinetaggap=\skip68
\mathdisplay@stack=\toks25
LaTeX Info: Redefining \[ on input line 2953.
LaTeX Info: Redefining \] on input line 2954.
)
(C:\Users\Julius\AppData\Local\Programs\MiKTeX\tex/latex/base\textcomp.sty
Package: textcomp 2024/04/24 v2.1b Standard LaTeX package
)
(C:\Users\Julius\AppData\Local\Programs\MiKTeX\tex/latex/eurosym\eurosym.sty
Package: eurosym 1998/08/06 v1.1 European currency symbol ``Euro''
\@eurobox=\box56
)
(C:\Users\Julius\AppData\Local\Programs\MiKTeX\tex/latex/bbding\bbding.sty
Package: bbding 1999/04/15 v1.01 Dingbats symbols
)
(C:\Users\Julius\AppData\Local\Programs\MiKTeX\tex/latex/xfrac\xfrac.sty
(C:\Users\Julius\AppData\Local\Programs\MiKTeX\tex/latex/graphics\graphicx.sty
Package: graphicx 2021/09/16 v1.2d Enhanced LaTeX Graphics (DPC,SPQR)

(C:\Users\Julius\AppData\Local\Programs\MiKTeX\tex/latex/graphics\graphics.sty
Package: graphics 2024/08/06 v1.4g Standard LaTeX Graphics (DPC,SPQR)

(C:\Users\Julius\AppData\Local\Programs\MiKTeX\tex/latex/graphics\trig.sty
Package: trig 2023/12/02 v1.11 sin cos tan (DPC)
)
(C:\Users\Julius\AppData\Local\Programs\MiKTeX\tex/latex/graphics-cfg\graphics.
cfg
File: graphics.cfg 2016/06/04 v1.11 sample graphics configuration
)
Package graphics Info: Driver file: pdftex.def on input line 106.

(C:\Users\Julius\AppData\Local\Programs\MiKTeX\tex/latex/graphics-def\pdftex.de
f
File: pdftex.def 2024/04/13 v1.2c Graphics/color driver for pdftex
))
\Gin@req@height=\dimen152
\Gin@req@width=\dimen153
)
Package: xfrac 2024-06-04 Split-level fractions
\l__xfrac_slash_box=\box57
\l__xfrac_tmp_box=\box58
\l__xfrac_denominator_bot_sep_dim=\dimen154
\l__xfrac_numerator_bot_sep_dim=\dimen155
\l__xfrac_numerator_top_sep_dim=\dimen156
\l__xfrac_slash_left_sep_dim=\dimen157
\l__xfrac_slash_right_sep_dim=\dimen158
\l__xfrac_slash_left_muskip=\muskip18
\l__xfrac_slash_right_muskip=\muskip19

LaTeX template Info: Declaring template type 'xfrac' taking 3 argument(s) on
(template)           line 100.


LaTeX template Info: Declaring instance 'cmr' of type xfrac on line 392.


LaTeX template Info: Declaring instance 'cmss' of type xfrac on line 392.


LaTeX template Info: Declaring instance 'cmtt' of type xfrac on line 392.

) (C:\Users\Julius\AppData\Local\Programs\MiKTeX\tex/latex/lm\lmodern.sty
Package: lmodern 2015/05/01 v1.6.1 Latin Modern Fonts
LaTeX Font Info:    Overwriting symbol font `operators' in version `normal'
(Font)                  OT1/cmr/m/n --> OT1/lmr/m/n on input line 22.
LaTeX Font Info:    Overwriting symbol font `letters' in version `normal'
(Font)                  OML/cmm/m/it --> OML/lmm/m/it on input line 23.
LaTeX Font Info:    Overwriting symbol font `symbols' in version `normal'
(Font)                  OMS/cmsy/m/n --> OMS/lmsy/m/n on input line 24.
LaTeX Font Info:    Overwriting symbol font `largesymbols' in version `normal'
(Font)                  OMX/cmex/m/n --> OMX/lmex/m/n on input line 25.
LaTeX Font Info:    Overwriting symbol font `operators' in version `bold'
(Font)                  OT1/cmr/bx/n --> OT1/lmr/bx/n on input line 26.
LaTeX Font Info:    Overwriting symbol font `letters' in version `bold'
(Font)                  OML/cmm/b/it --> OML/lmm/b/it on input line 27.
LaTeX Font Info:    Overwriting symbol font `symbols' in version `bold'
(Font)                  OMS/cmsy/b/n --> OMS/lmsy/b/n on input line 28.
LaTeX Font Info:    Overwriting symbol font `largesymbols' in version `bold'
(Font)                  OMX/cmex/m/n --> OMX/lmex/m/n on input line 29.
LaTeX Font Info:    Overwriting math alphabet `\mathbf' in version `normal'
(Font)                  OT1/cmr/bx/n --> OT1/lmr/bx/n on input line 31.
LaTeX Font Info:    Overwriting math alphabet `\mathsf' in version `normal'
(Font)                  OT1/cmss/m/n --> OT1/lmss/m/n on input line 32.
LaTeX Font Info:    Overwriting math alphabet `\mathit' in version `normal'
(Font)                  OT1/cmr/m/it --> OT1/lmr/m/it on input line 33.
LaTeX Font Info:    Overwriting math alphabet `\mathtt' in version `normal'
(Font)                  OT1/cmtt/m/n --> OT1/lmtt/m/n on input line 34.
LaTeX Font Info:    Overwriting math alphabet `\mathbf' in version `bold'
(Font)                  OT1/cmr/bx/n --> OT1/lmr/bx/n on input line 35.
LaTeX Font Info:    Overwriting math alphabet `\mathsf' in version `bold'
(Font)                  OT1/cmss/bx/n --> OT1/lmss/bx/n on input line 36.
LaTeX Font Info:    Overwriting math alphabet `\mathit' in version `bold'
(Font)                  OT1/cmr/bx/it --> OT1/lmr/bx/it on input line 37.
LaTeX Font Info:    Overwriting math alphabet `\mathtt' in version `bold'
(Font)                  OT1/cmtt/m/n --> OT1/lmtt/m/n on input line 38.
)
(C:\Users\Julius\AppData\Local\Programs\MiKTeX\tex/latex/siunitx\siunitx.sty
Package: siunitx 2025-02-27 v3.4.6 A comprehensive (SI) units package
\l__siunitx_number_uncert_offset_int=\count286
\l__siunitx_number_exponent_fixed_int=\count287
\l__siunitx_number_min_decimal_int=\count288
\l__siunitx_number_min_integer_int=\count289
\l__siunitx_number_round_precision_int=\count290
\l__siunitx_number_lower_threshold_int=\count291
\l__siunitx_number_upper_threshold_int=\count292
\l__siunitx_number_group_first_int=\count293
\l__siunitx_number_group_size_int=\count294
\l__siunitx_number_group_minimum_int=\count295
\l__siunitx_angle_tmp_dim=\dimen159
\l__siunitx_angle_marker_box=\box59
\l__siunitx_angle_unit_box=\box60
\l__siunitx_compound_count_int=\count296

(C:\Users\Julius\AppData\Local\Programs\MiKTeX\tex/latex/translations\translati
ons.sty
Package: translations 2022/02/05 v1.12 internationalization of LaTeX2e packages
 (CN)

(C:\Users\Julius\AppData\Local\Programs\MiKTeX\tex/latex/etoolbox\etoolbox.sty
Package: etoolbox 2025/02/11 v2.5l e-TeX tools for LaTeX (JAW)
\etb@tempcnta=\count297
)
(C:\Users\Julius\AppData\Local\Programs\MiKTeX\tex/generic/pdftexcmds\pdftexcmd
s.sty
Package: pdftexcmds 2020-06-27 v0.33 Utility functions of pdfTeX for LuaTeX (HO
)

(C:\Users\Julius\AppData\Local\Programs\MiKTeX\tex/generic/infwarerr\infwarerr.
sty
Package: infwarerr 2019/12/03 v1.5 Providing info/warning/error messages (HO)
) (C:\Users\Julius\AppData\Local\Programs\MiKTeX\tex/generic/iftex\iftex.sty
Package: iftex 2024/12/12 v1.0g TeX engine tests
)
(C:\Users\Julius\AppData\Local\Programs\MiKTeX\tex/generic/ltxcmds\ltxcmds.sty
Package: ltxcmds 2023-12-04 v1.26 LaTeX kernel commands for general use (HO)
)
Package pdftexcmds Info: \pdf@primitive is available.
Package pdftexcmds Info: \pdf@ifprimitive is available.
Package pdftexcmds Info: \pdfdraftmode found.
))
\l__siunitx_table_tmp_box=\box61
\l__siunitx_table_tmp_dim=\dimen160
\l__siunitx_table_column_width_dim=\dimen161
\l__siunitx_table_integer_box=\box62
\l__siunitx_table_decimal_box=\box63
\l__siunitx_table_uncert_box=\box64
\l__siunitx_table_before_box=\box65
\l__siunitx_table_after_box=\box66
\l__siunitx_table_before_dim=\dimen162
\l__siunitx_table_carry_dim=\dimen163
\l__siunitx_unit_tmp_int=\count298
\l__siunitx_unit_position_int=\count299
\l__siunitx_unit_total_int=\count300
 (C:\Users\Julius\AppData\Local\Programs\MiKTeX\tex/latex/tools\array.sty
Package: array 2024/10/17 v2.6g Tabular extension package (FMi)
\col@sep=\dimen164
\ar@mcellbox=\box67
\extrarowheight=\dimen165
\NC@list=\toks26
\extratabsurround=\skip69
\backup@length=\skip70
\ar@cellbox=\box68
))
(C:\Users\Julius\AppData\Local\Programs\MiKTeX\tex/latex/subfigure\subfigure.st
y
Package: subfigure 2002/07/30 v2.1.4 subfigure package
\subfigtopskip=\skip71
\subfigcapskip=\skip72
\subfigcaptopadj=\dimen166
\subfigbottomskip=\skip73
\subfigcapmargin=\dimen167
\subfiglabelskip=\skip74
\c@subfigure=\count301
\c@lofdepth=\count302
\c@subtable=\count303
\c@lotdepth=\count304

****************************************
* Local config file subfigure.cfg used *
****************************************

(C:\Users\Julius\AppData\Local\Programs\MiKTeX\tex/latex/subfigure\subfigure.cf
g)
\subfig@top=\skip75
\subfig@bottom=\skip76
)
(C:\Users\Julius\AppData\Local\Programs\MiKTeX\tex/latex/graphics\lscape.sty
Package: lscape 2020/05/28 v3.02 Landscape Pages (DPC)
)
(C:\Users\Julius\AppData\Local\Programs\MiKTeX\tex/latex/multirow\multirow.sty
Package: multirow 2024/11/12 v2.9 Span multiple rows of a table
\multirow@colwidth=\skip77
\multirow@cntb=\count305
\multirow@dima=\skip78
\bigstrutjot=\dimen168
) (C:\Users\Julius\AppData\Local\Programs\MiKTeX\tex/latex/booktabs\booktabs.st
y
Package: booktabs 2020/01/12 v1.61803398 Publication quality tables
\heavyrulewidth=\dimen169
\lightrulewidth=\dimen170
\cmidrulewidth=\dimen171
\belowrulesep=\dimen172
\belowbottomsep=\dimen173
\aboverulesep=\dimen174
\abovetopsep=\dimen175
\cmidrulesep=\dimen176
\cmidrulekern=\dimen177
\defaultaddspace=\dimen178
\@cmidla=\count306
\@cmidlb=\count307
\@aboverulesep=\dimen179
\@belowrulesep=\dimen180
\@thisruleclass=\count308
\@lastruleclass=\count309
\@thisrulewidth=\dimen181
) (C:\Users\Julius\AppData\Local\Programs\MiKTeX\tex/latex/tools\dcolumn.sty
Package: dcolumn 2023/07/08 v1.06 decimal alignment package (DPC)
)
(C:\Users\Julius\AppData\Local\Programs\MiKTeX\tex/latex/tools\tabularx.sty
Package: tabularx 2023/12/11 v2.12a `tabularx' package (DPC)
\TX@col@width=\dimen182
\TX@old@table=\dimen183
\TX@old@col=\dimen184
\TX@target=\dimen185
\TX@delta=\dimen186
\TX@cols=\count310
\TX@ftn=\toks27
)
(C:\Users\Julius\AppData\Local\Programs\MiKTeX\tex/latex/caption\caption.sty
Package: caption 2023/08/05 v3.6o Customizing captions (AR)

(C:\Users\Julius\AppData\Local\Programs\MiKTeX\tex/latex/caption\caption3.sty
Package: caption3 2023/07/31 v2.4d caption3 kernel (AR)
\caption@tempdima=\dimen187
\captionmargin=\dimen188
\caption@leftmargin=\dimen189
\caption@rightmargin=\dimen190
\caption@width=\dimen191
\caption@indent=\dimen192
\caption@parindent=\dimen193
\caption@hangindent=\dimen194
Package caption Info: KOMA-Script document class detected.

(C:\Users\Julius\AppData\Local\Programs\MiKTeX\tex/latex/caption\caption-koma.s
to
File: caption-koma.sto 2023/09/08 v2.0e Adaption of the caption package to the 
KOMA-Script document classes (AR)
))
\c@caption@flags=\count311
\c@continuedfloat=\count312
Package caption Info: KOMA-Script scrextend package detected.
\caption@addmargin@hsize=\dimen195
\caption@addmargin@linewidth=\dimen196
Package caption Info: subfigure package is loaded.
)
(C:\Users\Julius\AppData\Local\Programs\MiKTeX\tex/latex/capt-of\capt-of.sty
Package: capt-of 2009/12/29 v0.2 standard captions outside of floats
)
(C:\Users\Julius\AppData\Local\Programs\MiKTeX\tex/latex/graphics\color.sty
Package: color 2024/06/23 v1.3e Standard LaTeX Color (DPC)

(C:\Users\Julius\AppData\Local\Programs\MiKTeX\tex/latex/graphics-cfg\color.cfg
File: color.cfg 2016/01/02 v1.6 sample color configuration
)
Package color Info: Driver file: pdftex.def on input line 149.

(C:\Users\Julius\AppData\Local\Programs\MiKTeX\tex/latex/graphics\mathcolor.ltx
)) (C:\Users\Julius\AppData\Local\Programs\MiKTeX\tex/latex/url\url.sty
\Urlmuskip=\muskip20
Package: url 2013/09/16  ver 3.4  Verb mode for urls, etc.
)
(C:\Users\Julius\AppData\Local\Programs\MiKTeX\tex/latex/hyperref\hyperref.sty
Package: hyperref 2024-11-05 v7.01l Hypertext links for LaTeX

(C:\Users\Julius\AppData\Local\Programs\MiKTeX\tex/latex/kvsetkeys\kvsetkeys.st
y
Package: kvsetkeys 2022-10-05 v1.19 Key value parser (HO)
)
(C:\Users\Julius\AppData\Local\Programs\MiKTeX\tex/generic/kvdefinekeys\kvdefin
ekeys.sty
Package: kvdefinekeys 2019-12-19 v1.6 Define keys (HO)
)
(C:\Users\Julius\AppData\Local\Programs\MiKTeX\tex/generic/pdfescape\pdfescape.
sty
Package: pdfescape 2019/12/09 v1.15 Implements pdfTeX's escape features (HO)
)
(C:\Users\Julius\AppData\Local\Programs\MiKTeX\tex/latex/hycolor\hycolor.sty
Package: hycolor 2020-01-27 v1.10 Color options for hyperref/bookmark (HO)
)
(C:\Users\Julius\AppData\Local\Programs\MiKTeX\tex/latex/hyperref\nameref.sty
Package: nameref 2023-11-26 v2.56 Cross-referencing by name of section

(C:\Users\Julius\AppData\Local\Programs\MiKTeX\tex/latex/refcount\refcount.sty
Package: refcount 2019/12/15 v3.6 Data extraction from label references (HO)
)
(C:\Users\Julius\AppData\Local\Programs\MiKTeX\tex/generic/gettitlestring\getti
tlestring.sty
Package: gettitlestring 2019/12/15 v1.6 Cleanup title references (HO)

(C:\Users\Julius\AppData\Local\Programs\MiKTeX\tex/latex/kvoptions\kvoptions.st
y
Package: kvoptions 2022-06-15 v3.15 Key value format for package options (HO)
))
\c@section@level=\count313
)
(C:\Users\Julius\AppData\Local\Programs\MiKTeX\tex/generic/stringenc\stringenc.
sty
Package: stringenc 2019/11/29 v1.12 Convert strings between diff. encodings (HO
)
)
\@linkdim=\dimen197
\Hy@linkcounter=\count314
\Hy@pagecounter=\count315

(C:\Users\Julius\AppData\Local\Programs\MiKTeX\tex/latex/hyperref\pd1enc.def
File: pd1enc.def 2024-11-05 v7.01l Hyperref: PDFDocEncoding definition (HO)
Now handling font encoding PD1 ...
... no UTF-8 mapping file for font encoding PD1
)
(C:\Users\Julius\AppData\Local\Programs\MiKTeX\tex/generic/intcalc\intcalc.sty
Package: intcalc 2019/12/15 v1.3 Expandable calculations with integers (HO)
)
\Hy@SavedSpaceFactor=\count316
(C:\Users\Julius\AppData\Local\Programs\MiKTeX\tex/latex/hyperref\puenc.def
File: puenc.def 2024-11-05 v7.01l Hyperref: PDF Unicode definition (HO)
Now handling font encoding PU ...
... no UTF-8 mapping file for font encoding PU
)
Package hyperref Info: Option `pdfpagelabels' set `true' on input line 4040.
Package hyperref Info: Hyper figures OFF on input line 4157.
Package hyperref Info: Link nesting OFF on input line 4162.
Package hyperref Info: Hyper index ON on input line 4165.
Package hyperref Info: Plain pages OFF on input line 4172.
Package hyperref Info: Backreferencing OFF on input line 4177.
Package hyperref Info: Implicit mode ON; LaTeX internals redefined.
Package hyperref Info: Bookmarks ON on input line 4424.
\c@Hy@tempcnt=\count317
LaTeX Info: Redefining \url on input line 4763.
\XeTeXLinkMargin=\dimen198

(C:\Users\Julius\AppData\Local\Programs\MiKTeX\tex/generic/bitset\bitset.sty
Package: bitset 2019/12/09 v1.3 Handle bit-vector datatype (HO)

(C:\Users\Julius\AppData\Local\Programs\MiKTeX\tex/generic/bigintcalc\bigintcal
c.sty
Package: bigintcalc 2019/12/15 v1.5 Expandable calculations on big integers (HO
)
))
\Fld@menulength=\count318
\Field@Width=\dimen199
\Fld@charsize=\dimen256
Package hyperref Info: Hyper figures OFF on input line 6042.
Package hyperref Info: Link nesting OFF on input line 6047.
Package hyperref Info: Hyper index ON on input line 6050.
Package hyperref Info: backreferencing OFF on input line 6057.
Package hyperref Info: Link coloring OFF on input line 6062.
Package hyperref Info: Link coloring with OCG OFF on input line 6067.
Package hyperref Info: PDF/A mode OFF on input line 6072.

(C:\Users\Julius\AppData\Local\Programs\MiKTeX\tex/latex/base\atbegshi-ltx.sty
Package: atbegshi-ltx 2021/01/10 v1.0c Emulation of the original atbegshi
package with kernel methods
)
\Hy@abspage=\count319
\c@Item=\count320
\c@Hfootnote=\count321
)
Package hyperref Info: Driver (autodetected): hpdftex.
 (C:\Users\Julius\AppData\Local\Programs\MiKTeX\tex/latex/hyperref\hpdftex.def
File: hpdftex.def 2024-11-05 v7.01l Hyperref driver for pdfTeX

(C:\Users\Julius\AppData\Local\Programs\MiKTeX\tex/latex/base\atveryend-ltx.sty
Package: atveryend-ltx 2020/08/19 v1.0a Emulation of the original atveryend pac
kage
with kernel methods
)
\Fld@listcount=\count322
\c@bookmark@seq@number=\count323

(C:\Users\Julius\AppData\Local\Programs\MiKTeX\tex/latex/rerunfilecheck\rerunfi
lecheck.sty
Package: rerunfilecheck 2022-07-10 v1.10 Rerun checks for auxiliary files (HO)

(C:\Users\Julius\AppData\Local\Programs\MiKTeX\tex/generic/uniquecounter\unique
counter.sty
Package: uniquecounter 2019/12/15 v1.4 Provide unlimited unique counter (HO)
)
Package uniquecounter Info: New unique counter `rerunfilecheck' on input line 2
85.
)
\Hy@SectionHShift=\skip79
)
(C:\Users\Julius\AppData\Local\Programs\MiKTeX\tex/latex/psfrag\psfrag.sty
Package: psfrag 1998/04/11 v3.04 PSfrag (MCG)
\pfg@pcount=\count324
\pfg@scount=\count325
\pfg@temp=\write3
)
(C:\Users\Julius\AppData\Local\Programs\MiKTeX\tex/latex/paralist\paralist.sty
Package: paralist 2017/01/22 v2.7 Extended list environments
\pltopsep=\skip80
\plpartopsep=\skip81
\plitemsep=\skip82
\plparsep=\skip83
\pl@lab=\toks28
) (C:\Users\Julius\AppData\Local\Programs\MiKTeX\tex/latex/graphics\rotating.st
y
Package: rotating 2016/08/11 v2.16d rotated objects in LaTeX
(C:\Users\Julius\AppData\Local\Programs\MiKTeX\tex/latex/base\ifthen.sty
Package: ifthen 2024/03/16 v1.1e Standard LaTeX ifthen package (DPC)
)
\c@r@tfl@t=\count326
\rotFPtop=\skip84
\rotFPbot=\skip85
\rot@float@box=\box69
\rot@mess@toks=\toks29
)
(C:\Users\Julius\AppData\Local\Programs\MiKTeX\tex/latex/base\shortvrb.sty
Package: shortvrb 2024/10/23 v3.0q Standard LaTeX documentation package V3 (FMi
)
)
(C:\Users\Julius\AppData\Local\Programs\MiKTeX\tex/latex/xcolor\xcolor.sty
Package: xcolor 2024/09/29 v3.02 LaTeX color extensions (UK)

(C:\Users\Julius\AppData\Local\Programs\MiKTeX\tex/latex/graphics-cfg\color.cfg
File: color.cfg 2016/01/02 v1.6 sample color configuration
)
Package xcolor Info: Driver file: pdftex.def on input line 274.
LaTeX Info: Redefining \color on input line 762.

(C:\Users\Julius\AppData\Local\Programs\MiKTeX\tex/latex/graphics\mathcolor.ltx
)
Package xcolor Info: Model `cmy' substituted by `cmy0' on input line 1349.
Package xcolor Info: Model `hsb' substituted by `rgb' on input line 1353.
Package xcolor Info: Model `RGB' extended on input line 1365.
Package xcolor Info: Model `HTML' substituted by `rgb' on input line 1367.
Package xcolor Info: Model `Hsb' substituted by `hsb' on input line 1368.
Package xcolor Info: Model `tHsb' substituted by `hsb' on input line 1369.
Package xcolor Info: Model `HSB' substituted by `hsb' on input line 1370.
Package xcolor Info: Model `Gray' substituted by `gray' on input line 1371.
Package xcolor Info: Model `wave' substituted by `hsb' on input line 1372.
) (C:\Users\Julius\AppData\Local\Programs\MiKTeX\tex/latex/was\icomma.sty
Package: icomma 2002/03/10 v2.0 (WaS)
)
(C:\Users\Julius\AppData\Local\Programs\MiKTeX\tex/latex/natbib\natbib.sty
Package: natbib 2010/09/13 8.31b (PWD, AO)
\bibhang=\skip86
\bibsep=\skip87
LaTeX Info: Redefining \cite on input line 694.
\c@NAT@ctr=\count327
)
(C:\Users\Julius\AppData\Local\Programs\MiKTeX\tex/latex/import\import.sty
Package: import 2020/04/01  v 6.2
)
(C:\Users\Julius\AppData\Local\Programs\MiKTeX\tex/latex/todonotes\todonotes.st
y
Package: todonotes 2024/01/05 v1.1.7 Todonotes source and documentation.
Package: todonotes 2024/01/05
 (C:\Users\Julius\AppData\Local\Programs\MiKTeX\tex/latex/xkeyval\xkeyval.sty
Package: xkeyval 2022/06/16 v2.9 package option processing (HA)

(C:\Users\Julius\AppData\Local\Programs\MiKTeX\tex/generic/xkeyval\xkeyval.tex
(C:\Users\Julius\AppData\Local\Programs\MiKTeX\tex/generic/xkeyval\xkvutils.tex
\XKV@toks=\toks30
\XKV@tempa@toks=\toks31
)
\XKV@depth=\count328
File: xkeyval.tex 2014/12/03 v2.7a key=value parser (HA)
))
(C:\Users\Julius\AppData\Local\Programs\MiKTeX\tex/latex/pgf/frontendlayer\tikz
.sty
(C:\Users\Julius\AppData\Local\Programs\MiKTeX\tex/latex/pgf/basiclayer\pgf.sty

(C:\Users\Julius\AppData\Local\Programs\MiKTeX\tex/latex/pgf/utilities\pgfrcs.s
ty
(C:\Users\Julius\AppData\Local\Programs\MiKTeX\tex/generic/pgf/utilities\pgfuti
l-common.tex
\pgfutil@everybye=\toks32
\pgfutil@tempdima=\dimen257
\pgfutil@tempdimb=\dimen258
)
(C:\Users\Julius\AppData\Local\Programs\MiKTeX\tex/generic/pgf/utilities\pgfuti
l-latex.def
\pgfutil@abb=\box70
)
(C:\Users\Julius\AppData\Local\Programs\MiKTeX\tex/generic/pgf/utilities\pgfrcs
.code.tex
(C:\Users\Julius\AppData\Local\Programs\MiKTeX\tex/generic/pgf\pgf.revision.tex
)
Package: pgfrcs 2023-01-15 v3.1.10 (3.1.10)
))
Package: pgf 2023-01-15 v3.1.10 (3.1.10)

(C:\Users\Julius\AppData\Local\Programs\MiKTeX\tex/latex/pgf/basiclayer\pgfcore
.sty
(C:\Users\Julius\AppData\Local\Programs\MiKTeX\tex/latex/pgf/systemlayer\pgfsys
.sty
(C:\Users\Julius\AppData\Local\Programs\MiKTeX\tex/generic/pgf/systemlayer\pgfs
ys.code.tex
Package: pgfsys 2023-01-15 v3.1.10 (3.1.10)

(C:\Users\Julius\AppData\Local\Programs\MiKTeX\tex/generic/pgf/utilities\pgfkey
s.code.tex
\pgfkeys@pathtoks=\toks33
\pgfkeys@temptoks=\toks34

(C:\Users\Julius\AppData\Local\Programs\MiKTeX\tex/generic/pgf/utilities\pgfkey
slibraryfiltered.code.tex
\pgfkeys@tmptoks=\toks35
))
\pgf@x=\dimen259
\pgf@y=\dimen260
\pgf@xa=\dimen261
\pgf@ya=\dimen262
\pgf@xb=\dimen263
\pgf@yb=\dimen264
\pgf@xc=\dimen265
\pgf@yc=\dimen266
\pgf@xd=\dimen267
\pgf@yd=\dimen268
\w@pgf@writea=\write4
\r@pgf@reada=\read3
\c@pgf@counta=\count329
\c@pgf@countb=\count330
\c@pgf@countc=\count331
\c@pgf@countd=\count332
\t@pgf@toka=\toks36
\t@pgf@tokb=\toks37
\t@pgf@tokc=\toks38
\pgf@sys@id@count=\count333

(C:\Users\Julius\AppData\Local\Programs\MiKTeX\tex/generic/pgf/systemlayer\pgf.
cfg
File: pgf.cfg 2023-01-15 v3.1.10 (3.1.10)
)
Driver file for pgf: pgfsys-pdftex.def

(C:\Users\Julius\AppData\Local\Programs\MiKTeX\tex/generic/pgf/systemlayer\pgfs
ys-pdftex.def
File: pgfsys-pdftex.def 2023-01-15 v3.1.10 (3.1.10)

(C:\Users\Julius\AppData\Local\Programs\MiKTeX\tex/generic/pgf/systemlayer\pgfs
ys-common-pdf.def
File: pgfsys-common-pdf.def 2023-01-15 v3.1.10 (3.1.10)
)))
(C:\Users\Julius\AppData\Local\Programs\MiKTeX\tex/generic/pgf/systemlayer\pgfs
yssoftpath.code.tex
File: pgfsyssoftpath.code.tex 2023-01-15 v3.1.10 (3.1.10)
\pgfsyssoftpath@smallbuffer@items=\count334
\pgfsyssoftpath@bigbuffer@items=\count335
)
(C:\Users\Julius\AppData\Local\Programs\MiKTeX\tex/generic/pgf/systemlayer\pgfs
ysprotocol.code.tex
File: pgfsysprotocol.code.tex 2023-01-15 v3.1.10 (3.1.10)
))
(C:\Users\Julius\AppData\Local\Programs\MiKTeX\tex/generic/pgf/basiclayer\pgfco
re.code.tex
Package: pgfcore 2023-01-15 v3.1.10 (3.1.10)

(C:\Users\Julius\AppData\Local\Programs\MiKTeX\tex/generic/pgf/math\pgfmath.cod
e.tex
(C:\Users\Julius\AppData\Local\Programs\MiKTeX\tex/generic/pgf/math\pgfmathutil
.code.tex)
(C:\Users\Julius\AppData\Local\Programs\MiKTeX\tex/generic/pgf/math\pgfmathpars
er.code.tex
\pgfmath@dimen=\dimen269
\pgfmath@count=\count336
\pgfmath@box=\box71
\pgfmath@toks=\toks39
\pgfmath@stack@operand=\toks40
\pgfmath@stack@operation=\toks41
)
(C:\Users\Julius\AppData\Local\Programs\MiKTeX\tex/generic/pgf/math\pgfmathfunc
tions.code.tex)
(C:\Users\Julius\AppData\Local\Programs\MiKTeX\tex/generic/pgf/math\pgfmathfunc
tions.basic.code.tex)
(C:\Users\Julius\AppData\Local\Programs\MiKTeX\tex/generic/pgf/math\pgfmathfunc
tions.trigonometric.code.tex)
(C:\Users\Julius\AppData\Local\Programs\MiKTeX\tex/generic/pgf/math\pgfmathfunc
tions.random.code.tex)
(C:\Users\Julius\AppData\Local\Programs\MiKTeX\tex/generic/pgf/math\pgfmathfunc
tions.comparison.code.tex)
(C:\Users\Julius\AppData\Local\Programs\MiKTeX\tex/generic/pgf/math\pgfmathfunc
tions.base.code.tex)
(C:\Users\Julius\AppData\Local\Programs\MiKTeX\tex/generic/pgf/math\pgfmathfunc
tions.round.code.tex)
(C:\Users\Julius\AppData\Local\Programs\MiKTeX\tex/generic/pgf/math\pgfmathfunc
tions.misc.code.tex)
(C:\Users\Julius\AppData\Local\Programs\MiKTeX\tex/generic/pgf/math\pgfmathfunc
tions.integerarithmetics.code.tex)
(C:\Users\Julius\AppData\Local\Programs\MiKTeX\tex/generic/pgf/math\pgfmathcalc
.code.tex)
(C:\Users\Julius\AppData\Local\Programs\MiKTeX\tex/generic/pgf/math\pgfmathfloa
t.code.tex
\c@pgfmathroundto@lastzeros=\count337
))
(C:\Users\Julius\AppData\Local\Programs\MiKTeX\tex/generic/pgf/math\pgfint.code
.tex)
(C:\Users\Julius\AppData\Local\Programs\MiKTeX\tex/generic/pgf/basiclayer\pgfco
repoints.code.tex
File: pgfcorepoints.code.tex 2023-01-15 v3.1.10 (3.1.10)
\pgf@picminx=\dimen270
\pgf@picmaxx=\dimen271
\pgf@picminy=\dimen272
\pgf@picmaxy=\dimen273
\pgf@pathminx=\dimen274
\pgf@pathmaxx=\dimen275
\pgf@pathminy=\dimen276
\pgf@pathmaxy=\dimen277
\pgf@xx=\dimen278
\pgf@xy=\dimen279
\pgf@yx=\dimen280
\pgf@yy=\dimen281
\pgf@zx=\dimen282
\pgf@zy=\dimen283
)
(C:\Users\Julius\AppData\Local\Programs\MiKTeX\tex/generic/pgf/basiclayer\pgfco
repathconstruct.code.tex
File: pgfcorepathconstruct.code.tex 2023-01-15 v3.1.10 (3.1.10)
\pgf@path@lastx=\dimen284
\pgf@path@lasty=\dimen285
)
(C:\Users\Julius\AppData\Local\Programs\MiKTeX\tex/generic/pgf/basiclayer\pgfco
repathusage.code.tex
File: pgfcorepathusage.code.tex 2023-01-15 v3.1.10 (3.1.10)
\pgf@shorten@end@additional=\dimen286
\pgf@shorten@start@additional=\dimen287
)
(C:\Users\Julius\AppData\Local\Programs\MiKTeX\tex/generic/pgf/basiclayer\pgfco
rescopes.code.tex
File: pgfcorescopes.code.tex 2023-01-15 v3.1.10 (3.1.10)
\pgfpic=\box72
\pgf@hbox=\box73
\pgf@layerbox@main=\box74
\pgf@picture@serial@count=\count338
)
(C:\Users\Julius\AppData\Local\Programs\MiKTeX\tex/generic/pgf/basiclayer\pgfco
regraphicstate.code.tex
File: pgfcoregraphicstate.code.tex 2023-01-15 v3.1.10 (3.1.10)
\pgflinewidth=\dimen288
)
(C:\Users\Julius\AppData\Local\Programs\MiKTeX\tex/generic/pgf/basiclayer\pgfco
retransformations.code.tex
File: pgfcoretransformations.code.tex 2023-01-15 v3.1.10 (3.1.10)
\pgf@pt@x=\dimen289
\pgf@pt@y=\dimen290
\pgf@pt@temp=\dimen291
)
(C:\Users\Julius\AppData\Local\Programs\MiKTeX\tex/generic/pgf/basiclayer\pgfco
requick.code.tex
File: pgfcorequick.code.tex 2023-01-15 v3.1.10 (3.1.10)
)
(C:\Users\Julius\AppData\Local\Programs\MiKTeX\tex/generic/pgf/basiclayer\pgfco
reobjects.code.tex
File: pgfcoreobjects.code.tex 2023-01-15 v3.1.10 (3.1.10)
)
(C:\Users\Julius\AppData\Local\Programs\MiKTeX\tex/generic/pgf/basiclayer\pgfco
repathprocessing.code.tex
File: pgfcorepathprocessing.code.tex 2023-01-15 v3.1.10 (3.1.10)
)
(C:\Users\Julius\AppData\Local\Programs\MiKTeX\tex/generic/pgf/basiclayer\pgfco
rearrows.code.tex
File: pgfcorearrows.code.tex 2023-01-15 v3.1.10 (3.1.10)
\pgfarrowsep=\dimen292
)
(C:\Users\Julius\AppData\Local\Programs\MiKTeX\tex/generic/pgf/basiclayer\pgfco
reshade.code.tex
File: pgfcoreshade.code.tex 2023-01-15 v3.1.10 (3.1.10)
\pgf@max=\dimen293
\pgf@sys@shading@range@num=\count339
\pgf@shadingcount=\count340
)
(C:\Users\Julius\AppData\Local\Programs\MiKTeX\tex/generic/pgf/basiclayer\pgfco
reimage.code.tex
File: pgfcoreimage.code.tex 2023-01-15 v3.1.10 (3.1.10)
)
(C:\Users\Julius\AppData\Local\Programs\MiKTeX\tex/generic/pgf/basiclayer\pgfco
reexternal.code.tex
File: pgfcoreexternal.code.tex 2023-01-15 v3.1.10 (3.1.10)
\pgfexternal@startupbox=\box75
)
(C:\Users\Julius\AppData\Local\Programs\MiKTeX\tex/generic/pgf/basiclayer\pgfco
relayers.code.tex
File: pgfcorelayers.code.tex 2023-01-15 v3.1.10 (3.1.10)
)
(C:\Users\Julius\AppData\Local\Programs\MiKTeX\tex/generic/pgf/basiclayer\pgfco
retransparency.code.tex
File: pgfcoretransparency.code.tex 2023-01-15 v3.1.10 (3.1.10)
)
(C:\Users\Julius\AppData\Local\Programs\MiKTeX\tex/generic/pgf/basiclayer\pgfco
repatterns.code.tex
File: pgfcorepatterns.code.tex 2023-01-15 v3.1.10 (3.1.10)
)
(C:\Users\Julius\AppData\Local\Programs\MiKTeX\tex/generic/pgf/basiclayer\pgfco
rerdf.code.tex
File: pgfcorerdf.code.tex 2023-01-15 v3.1.10 (3.1.10)
)))
(C:\Users\Julius\AppData\Local\Programs\MiKTeX\tex/generic/pgf/modules\pgfmodul
eshapes.code.tex
File: pgfmoduleshapes.code.tex 2023-01-15 v3.1.10 (3.1.10)
\pgfnodeparttextbox=\box76
)
(C:\Users\Julius\AppData\Local\Programs\MiKTeX\tex/generic/pgf/modules\pgfmodul
eplot.code.tex
File: pgfmoduleplot.code.tex 2023-01-15 v3.1.10 (3.1.10)
)
(C:\Users\Julius\AppData\Local\Programs\MiKTeX\tex/latex/pgf/compatibility\pgfc
omp-version-0-65.sty
Package: pgfcomp-version-0-65 2023-01-15 v3.1.10 (3.1.10)
\pgf@nodesepstart=\dimen294
\pgf@nodesepend=\dimen295
)
(C:\Users\Julius\AppData\Local\Programs\MiKTeX\tex/latex/pgf/compatibility\pgfc
omp-version-1-18.sty
Package: pgfcomp-version-1-18 2023-01-15 v3.1.10 (3.1.10)
))
(C:\Users\Julius\AppData\Local\Programs\MiKTeX\tex/latex/pgf/utilities\pgffor.s
ty
(C:\Users\Julius\AppData\Local\Programs\MiKTeX\tex/latex/pgf/utilities\pgfkeys.
sty
(C:\Users\Julius\AppData\Local\Programs\MiKTeX\tex/generic/pgf/utilities\pgfkey
s.code.tex))
(C:\Users\Julius\AppData\Local\Programs\MiKTeX\tex/latex/pgf/math\pgfmath.sty
(C:\Users\Julius\AppData\Local\Programs\MiKTeX\tex/generic/pgf/math\pgfmath.cod
e.tex))
(C:\Users\Julius\AppData\Local\Programs\MiKTeX\tex/generic/pgf/utilities\pgffor
.code.tex
Package: pgffor 2023-01-15 v3.1.10 (3.1.10)
\pgffor@iter=\dimen296
\pgffor@skip=\dimen297
\pgffor@stack=\toks42
\pgffor@toks=\toks43
))
(C:\Users\Julius\AppData\Local\Programs\MiKTeX\tex/generic/pgf/frontendlayer/ti
kz\tikz.code.tex
Package: tikz 2023-01-15 v3.1.10 (3.1.10)

(C:\Users\Julius\AppData\Local\Programs\MiKTeX\tex/generic/pgf/libraries\pgflib
raryplothandlers.code.tex
File: pgflibraryplothandlers.code.tex 2023-01-15 v3.1.10 (3.1.10)
\pgf@plot@mark@count=\count341
\pgfplotmarksize=\dimen298
)
\tikz@lastx=\dimen299
\tikz@lasty=\dimen300
\tikz@lastxsaved=\dimen301
\tikz@lastysaved=\dimen302
\tikz@lastmovetox=\dimen303
\tikz@lastmovetoy=\dimen304
\tikzleveldistance=\dimen305
\tikzsiblingdistance=\dimen306
\tikz@figbox=\box77
\tikz@figbox@bg=\box78
\tikz@tempbox=\box79
\tikz@tempbox@bg=\box80
\tikztreelevel=\count342
\tikznumberofchildren=\count343
\tikznumberofcurrentchild=\count344
\tikz@fig@count=\count345

(C:\Users\Julius\AppData\Local\Programs\MiKTeX\tex/generic/pgf/modules\pgfmodul
ematrix.code.tex
File: pgfmodulematrix.code.tex 2023-01-15 v3.1.10 (3.1.10)
\pgfmatrixcurrentrow=\count346
\pgfmatrixcurrentcolumn=\count347
\pgf@matrix@numberofcolumns=\count348
)
\tikz@expandcount=\count349

(C:\Users\Julius\AppData\Local\Programs\MiKTeX\tex/generic/pgf/frontendlayer/ti
kz/libraries\tikzlibrarytopaths.code.tex
File: tikzlibrarytopaths.code.tex 2023-01-15 v3.1.10 (3.1.10)
)))
(C:\Users\Julius\AppData\Local\Programs\MiKTeX\tex/generic/pgf/frontendlayer/ti
kz/libraries\tikzlibrarypositioning.code.tex
File: tikzlibrarypositioning.code.tex 2023-01-15 v3.1.10 (3.1.10)
)
(C:\Users\Julius\AppData\Local\Programs\MiKTeX\tex/latex/tools\calc.sty
Package: calc 2023/07/08 v4.3 Infix arithmetic (KKT,FJ)
\calc@Acount=\count350
\calc@Bcount=\count351
\calc@Adimen=\dimen307
\calc@Bdimen=\dimen308
\calc@Askip=\skip88
\calc@Bskip=\skip89
LaTeX Info: Redefining \setlength on input line 80.
LaTeX Info: Redefining \addtolength on input line 81.
\calc@Ccount=\count352
\calc@Cskip=\skip90
)
\c@@todonotes@numberoftodonotes=\count353
)
(C:\Users\Julius\AppData\Local\Programs\MiKTeX\tex/latex/pdfpages\pdfpages.sty
Package: pdfpages 2025/01/30 v0.6e Insert pages of external PDF documents (AM)

(C:\Users\Julius\AppData\Local\Programs\MiKTeX\tex/latex/eso-pic\eso-pic.sty
Package: eso-pic 2023/05/03 v3.0c eso-pic (RN)
\ESO@tempdima=\dimen309
\ESO@tempdimb=\dimen310
)
\AM@pagewidth=\dimen311
\AM@pageheight=\dimen312
\AM@fboxrule=\dimen313

(C:\Users\Julius\AppData\Local\Programs\MiKTeX\tex/latex/pdfpages\pppdftex.def
File: pppdftex.def 2025/01/30 v0.6e Pdfpages driver for pdfTeX (AM)
)
\pdfpages@includegraphics@status=\count354
\AM@pagebox=\box81
\AM@global@opts=\toks44
\AM@pagecnt=\count355
\AM@toc@title=\toks45
\AM@lof@heading=\toks46
\c@AM@survey=\count356
\AM@templatesizebox=\box82
) (C:\Users\Julius\AppData\Local\Programs\MiKTeX\tex/latex/base\makeidx.sty
Package: makeidx 2021/10/04 v1.0m Standard LaTeX package
)
(C:\Users\Julius\AppData\Local\Programs\MiKTeX\tex/latex/placeins\placeins.sty
Package: placeins 2005/04/18  v 2.2
) (C:\Users\Julius\AppData\Local\Programs\MiKTeX\tex/latex/base\flafter.sty
Package: flafter 2021/07/31 v1.4e Standard LaTeX floats after reference (FMi)
Applying: [2015/01/01] float order in 2-column on input line 49.
Already applied: [0000/00/00] float order in 2-column on input line 151.
)
(C:\Users\Julius\AppData\Local\Programs\MiKTeX\tex/latex/annotate-equations\ann
otate-equations.sty
Package: annotate-equations 2023/05/06 v0.2.2 easily annotate equations using T
ikZ

(C:\Users\Julius\AppData\Local\Programs\MiKTeX\tex/generic/iftex\ifluatex.sty
Package: ifluatex 2019/10/25 v1.5 ifluatex legacy package. Use iftex instead.
)
(C:\Users\Julius\AppData\Local\Programs\MiKTeX\tex/generic/pgf/frontendlayer/ti
kz/libraries\tikzlibrarybackgrounds.code.tex
File: tikzlibrarybackgrounds.code.tex 2023-01-15 v3.1.10 (3.1.10)
\pgf@layerbox@background=\box83
\pgf@layerboxsaved@background=\box84
)
(C:\Users\Julius\AppData\Local\Programs\MiKTeX\tex/generic/pgf/frontendlayer/ti
kz/libraries\tikzlibraryarrows.code.tex
File: tikzlibraryarrows.code.tex 2023-01-15 v3.1.10 (3.1.10)

(C:\Users\Julius\AppData\Local\Programs\MiKTeX\tex/generic/pgf/libraries\pgflib
raryarrows.code.tex
File: pgflibraryarrows.code.tex 2023-01-15 v3.1.10 (3.1.10)
\arrowsize=\dimen314
))
(C:\Users\Julius\AppData\Local\Programs\MiKTeX\tex/generic/pgf/frontendlayer/ti
kz/libraries\tikzlibraryshapes.code.tex
File: tikzlibraryshapes.code.tex 2023-01-15 v3.1.10 (3.1.10)

(C:\Users\Julius\AppData\Local\Programs\MiKTeX\tex/generic/pgf/frontendlayer/ti
kz/libraries\tikzlibraryshapes.geometric.code.tex
File: tikzlibraryshapes.geometric.code.tex 2023-01-15 v3.1.10 (3.1.10)

(C:\Users\Julius\AppData\Local\Programs\MiKTeX\tex/generic/pgf/libraries/shapes
\pgflibraryshapes.geometric.code.tex
File: pgflibraryshapes.geometric.code.tex 2023-01-15 v3.1.10 (3.1.10)
))
(C:\Users\Julius\AppData\Local\Programs\MiKTeX\tex/generic/pgf/frontendlayer/ti
kz/libraries\tikzlibraryshapes.misc.code.tex
File: tikzlibraryshapes.misc.code.tex 2023-01-15 v3.1.10 (3.1.10)

(C:\Users\Julius\AppData\Local\Programs\MiKTeX\tex/generic/pgf/libraries/shapes
\pgflibraryshapes.misc.code.tex
File: pgflibraryshapes.misc.code.tex 2023-01-15 v3.1.10 (3.1.10)
))
(C:\Users\Julius\AppData\Local\Programs\MiKTeX\tex/generic/pgf/frontendlayer/ti
kz/libraries\tikzlibraryshapes.symbols.code.tex
File: tikzlibraryshapes.symbols.code.tex 2023-01-15 v3.1.10 (3.1.10)

(C:\Users\Julius\AppData\Local\Programs\MiKTeX\tex/generic/pgf/libraries/shapes
\pgflibraryshapes.symbols.code.tex
File: pgflibraryshapes.symbols.code.tex 2023-01-15 v3.1.10 (3.1.10)
))
(C:\Users\Julius\AppData\Local\Programs\MiKTeX\tex/generic/pgf/frontendlayer/ti
kz/libraries\tikzlibraryshapes.arrows.code.tex
File: tikzlibraryshapes.arrows.code.tex 2023-01-15 v3.1.10 (3.1.10)

(C:\Users\Julius\AppData\Local\Programs\MiKTeX\tex/generic/pgf/libraries/shapes
\pgflibraryshapes.arrows.code.tex
File: pgflibraryshapes.arrows.code.tex 2023-01-15 v3.1.10 (3.1.10)
))
(C:\Users\Julius\AppData\Local\Programs\MiKTeX\tex/generic/pgf/frontendlayer/ti
kz/libraries\tikzlibraryshapes.callouts.code.tex
(C:\Users\Julius\AppData\Local\Programs\MiKTeX\tex/generic/pgf/libraries/shapes
\pgflibraryshapes.callouts.code.tex))
(C:\Users\Julius\AppData\Local\Programs\MiKTeX\tex/generic/pgf/frontendlayer/ti
kz/libraries\tikzlibraryshapes.multipart.code.tex
File: tikzlibraryshapes.multipart.code.tex 2023-01-15 v3.1.10 (3.1.10)

(C:\Users\Julius\AppData\Local\Programs\MiKTeX\tex/generic/pgf/libraries/shapes
\pgflibraryshapes.multipart.code.tex
File: pgflibraryshapes.multipart.code.tex 2023-01-15 v3.1.10 (3.1.10)
\pgfnodepartlowerbox=\box85
\pgfnodeparttwobox=\box86
\pgfnodepartthreebox=\box87
\pgfnodepartfourbox=\box88
\pgfnodeparttwentybox=\box89
\pgfnodepartnineteenbox=\box90
\pgfnodeparteighteenbox=\box91
\pgfnodepartseventeenbox=\box92
\pgfnodepartsixteenbox=\box93
\pgfnodepartfifteenbox=\box94
\pgfnodepartfourteenbox=\box95
\pgfnodepartthirteenbox=\box96
\pgfnodeparttwelvebox=\box97
\pgfnodepartelevenbox=\box98
\pgfnodeparttenbox=\box99
\pgfnodepartninebox=\box100
\pgfnodeparteightbox=\box101
\pgfnodepartsevenbox=\box102
\pgfnodepartsixbox=\box103
\pgfnodepartfivebox=\box104
)))
(C:\Users\Julius\AppData\Local\Programs\MiKTeX\tex/latex/tikzmark\tikzlibraryti
kzmark.code.tex
File: tikzlibrarytikzmark.code.tex 2022/08/24 v1.15 TikZ library for marking po
sitions in a document

(C:\Users\Julius\AppData\Local\Programs\MiKTeX\tex/latex/l3kernel\expl3.sty
Package: expl3 2025-01-18 L3 programming layer (loader) 

(C:\Users\Julius\AppData\Local\Programs\MiKTeX\tex/latex/l3backend\l3backend-pd
ftex.def
File: l3backend-pdftex.def 2024-05-08 L3 backend support: PDF output (pdfTeX)
\l__color_backend_stack_int=\count357
\l__pdf_internal_box=\box105
))
(C:\Users\Julius\AppData\Local\Programs\MiKTeX\tex/latex/l3packages/l3keys2e\l3
keys2e.sty
Package: l3keys2e 2024-08-16 LaTeX2e option processing using LaTeX3 keys
)
(C:\Users\Julius\AppData\Local\Programs\MiKTeX\tex/latex/l3packages/xparse\xpar
se.sty
Package: xparse 2024-08-16 L3 Experimental document command parser
)
\l__sn_x_dim=\dimen315
\l__sn_y_dim=\dimen316
\l__sn_xa_dim=\dimen317
\l__sn_ya_dim=\dimen318
)
(C:\Users\Julius\AppData\Local\Programs\MiKTeX\tex/generic/pgf/frontendlayer/ti
kz/libraries\tikzlibrarycalc.code.tex
File: tikzlibrarycalc.code.tex 2023-01-15 v3.1.10 (3.1.10)
)
\c@eqnannotatenode=\count358
)
(C:\Users\Julius\AppData\Local\Programs\MiKTeX\tex/latex/mathtools\mathtools.st
y
Package: mathtools 2024/10/04 v1.31 mathematical typesetting tools

(C:\Users\Julius\AppData\Local\Programs\MiKTeX\tex/latex/mathtools\mhsetup.sty
Package: mhsetup 2021/03/18 v1.4 programming setup (MH)
)
\g_MT_multlinerow_int=\count359
\l_MT_multwidth_dim=\dimen319
\origjot=\skip91
\l_MT_shortvdotswithinadjustabove_dim=\dimen320
\l_MT_shortvdotswithinadjustbelow_dim=\dimen321
\l_MT_above_intertext_sep=\dimen322
\l_MT_below_intertext_sep=\dimen323
\l_MT_above_shortintertext_sep=\dimen324
\l_MT_below_shortintertext_sep=\dimen325
\xmathstrut@box=\box106
\xmathstrut@dim=\dimen326
) (C:\Users\Julius\AppData\Local\Programs\MiKTeX\tex/latex/cancel\cancel.sty
Package: cancel 2013/04/12 v2.2 Cancel math terms
)
(C:\Users\Julius\AppData\Local\Programs\MiKTeX\tex/latex/esvect\esvect.sty
Package: esvect 
\symesvector=\mathgroup6
))
(0_Einstellungen/Einstellungen.tex
Package hyperref Info: Option `plainpages' set `false' on input line 77.
Package hyperref Info: Option `breaklinks' set `true' on input line 77.
Package hyperref Info: Option `colorlinks' set `true' on input line 77.
Package hyperref Info: Option `bookmarksnumbered' set `true' on input line 77.
)
LaTeX Font Info:    Trying to load font information for T1+lmr on input line 33
.

(C:\Users\Julius\AppData\Local\Programs\MiKTeX\tex/latex/lm\t1lmr.fd
File: t1lmr.fd 2015/05/01 v1.6.1 Font defs for Latin Modern
)
(Abschlussarbeit.aux (1_Praeambel/Titelseite.aux)
(1_Praeambel/Symbolverzeichnis.aux) (2_Hauptteil/1_Einleitung.aux)
(2_Hauptteil/2_Grundlagen.aux) (2_Hauptteil/3_Methodik.aux)
(2_Hauptteil/4_Parametrierung.aux) (2_Hauptteil/5_Ergebnisse.aux)
(2_Hauptteil/7_Zusammenfassung.aux))
\openout1 = `Abschlussarbeit.aux'.

LaTeX Font Info:    Checking defaults for OML/cmm/m/it on input line 33.
LaTeX Font Info:    ... okay on input line 33.
LaTeX Font Info:    Checking defaults for OMS/cmsy/m/n on input line 33.
LaTeX Font Info:    ... okay on input line 33.
LaTeX Font Info:    Checking defaults for OT1/cmr/m/n on input line 33.
LaTeX Font Info:    ... okay on input line 33.
LaTeX Font Info:    Checking defaults for T1/cmr/m/n on input line 33.
LaTeX Font Info:    ... okay on input line 33.
LaTeX Font Info:    Checking defaults for TS1/cmr/m/n on input line 33.
LaTeX Font Info:    ... okay on input line 33.
LaTeX Font Info:    Checking defaults for OMX/cmex/m/n on input line 33.
LaTeX Font Info:    ... okay on input line 33.
LaTeX Font Info:    Checking defaults for U/cmr/m/n on input line 33.
LaTeX Font Info:    ... okay on input line 33.
LaTeX Font Info:    Checking defaults for PD1/pdf/m/n on input line 33.
LaTeX Font Info:    ... okay on input line 33.
LaTeX Font Info:    Checking defaults for PU/pdf/m/n on input line 33.
LaTeX Font Info:    ... okay on input line 33.

(C:\Users\Julius\AppData\Local\Programs\MiKTeX\tex/context/base/mkii\supp-pdf.m
kii
[Loading MPS to PDF converter (version 2006.09.02).]
\scratchcounter=\count360
\scratchdimen=\dimen327
\scratchbox=\box107
\nofMPsegments=\count361
\nofMParguments=\count362
\everyMPshowfont=\toks47
\MPscratchCnt=\count363
\MPscratchDim=\dimen328
\MPnumerator=\count364
\makeMPintoPDFobject=\count365
\everyMPtoPDFconversion=\toks48
)
(C:\Users\Julius\AppData\Local\Programs\MiKTeX\tex/latex/epstopdf-pkg\epstopdf-
base.sty
Package: epstopdf-base 2020-01-24 v2.11 Base part for package epstopdf
Package epstopdf-base Info: Redefining graphics rule for `.eps' on input line 4
85.

(C:\Users\Julius\AppData\Local\Programs\MiKTeX\tex/latex/00miktex\epstopdf-sys.
cfg
File: epstopdf-sys.cfg 2021/03/18 v2.0 Configuration of epstopdf for MiKTeX
))
(C:\Users\Julius\AppData\Local\Programs\MiKTeX\tex/latex/translations/dicts\tra
nslations-basic-dictionary-german.trsl
File: translations-basic-dictionary-german.trsl (german translation file `trans
lations-basic-dictionary')
)
Package translations Info: loading dictionary `translations-basic-dictionary' f
or `german'. on input line 33.
Package caption Info: Begin \AtBeginDocument code.
Package caption Info: hyperref package is loaded.
Package caption Info: rotating package is loaded.
Package caption Info: End \AtBeginDocument code.
Package hyperref Info: Link coloring ON on input line 33.
 (Abschlussarbeit.out)
(Abschlussarbeit.out)
\@outlinefile=\write5
\openout5 = `Abschlussarbeit.out'.

Class scrbook Info: loading recommended package `bookmark'.
(scrbook)           Using `bookmark' together with `hyperref' is recommended,
(scrbook)           because of handling of possible bookmark level gaps.
(scrbook)           You can avoid loading `bookmark' with KOMA-Script option
(scrbook)           `bookmarkpackage=false' before \begin{document} and
(scrbook)           you can avoid this message adding:
(scrbook)             \usepackage{bookmark}
(scrbook)           before \begin{document} on input line 33.

(C:\Users\Julius\AppData\Local\Programs\MiKTeX\tex/latex/bookmark\bookmark.sty
Package: bookmark 2023-12-10 v1.31 PDF bookmarks (HO)

(C:\Users\Julius\AppData\Local\Programs\MiKTeX\tex/latex/bookmark\bkm-pdftex.de
f
File: bkm-pdftex.def 2023-12-10 v1.31 bookmark driver for pdfTeX and luaTeX (HO
)
\BKM@id=\count366
))
(C:\Users\Julius\AppData\Local\Programs\MiKTeX\tex/latex/pdflscape\pdflscape.st
y
Package: pdflscape 2022-10-27 v0.13 Display of landscape pages in PDF

(C:\Users\Julius\AppData\Local\Programs\MiKTeX\tex/latex/pdflscape\pdflscape-no
metadata.sty
Package: pdflscape-nometadata 2022-10-28 v0.13 Display of landscape pages in PD
F (HO)
Package pdflscape Info: Auto-detected driver: pdftex on input line 81.
))
\openout2 = `1_Praeambel/Titelseite.aux'.

 (1_Praeambel/Titelseite.tex
<4_Abbildungen/1_Praeambel/RWTH_IST_Logo.pdf, id=6, 509.50868pt x 93.13747pt>
File: 4_Abbildungen/1_Praeambel/RWTH_IST_Logo.pdf Graphic file (type pdf)
<use 4_Abbildungen/1_Praeambel/RWTH_IST_Logo.pdf>
Package pdftex.def Info: 4_Abbildungen/1_Praeambel/RWTH_IST_Logo.pdf  used on i
nput line 4.
(pdftex.def)             Requested size: 509.50743pt x 93.13722pt.

Overfull \hbox (66.01318pt too wide) in paragraph at lines 4--5
[][] 
 []

LaTeX Font Info:    Trying to load font information for T1+lmss on input line 8
.
(C:\Users\Julius\AppData\Local\Programs\MiKTeX\tex/latex/lm\t1lmss.fd
File: t1lmss.fd 2015/05/01 v1.6.1 Font defs for Latin Modern
)
LaTeX Font Info:    Trying to load font information for OT1+lmr on input line 2
6.

(C:\Users\Julius\AppData\Local\Programs\MiKTeX\tex/latex/lm\ot1lmr.fd
File: ot1lmr.fd 2015/05/01 v1.6.1 Font defs for Latin Modern
)
LaTeX Font Info:    Trying to load font information for OML+lmm on input line 2
6.

(C:\Users\Julius\AppData\Local\Programs\MiKTeX\tex/latex/lm\omllmm.fd
File: omllmm.fd 2015/05/01 v1.6.1 Font defs for Latin Modern
)
LaTeX Font Info:    Trying to load font information for OMS+lmsy on input line 
26.

(C:\Users\Julius\AppData\Local\Programs\MiKTeX\tex/latex/lm\omslmsy.fd
File: omslmsy.fd 2015/05/01 v1.6.1 Font defs for Latin Modern
)
LaTeX Font Info:    Trying to load font information for OMX+lmex on input line 
26.

(C:\Users\Julius\AppData\Local\Programs\MiKTeX\tex/latex/lm\omxlmex.fd
File: omxlmex.fd 2015/05/01 v1.6.1 Font defs for Latin Modern
)
LaTeX Font Info:    External font `lmex10' loaded for size
(Font)              <12> on input line 26.
LaTeX Font Info:    External font `lmex10' loaded for size
(Font)              <8> on input line 26.
LaTeX Font Info:    External font `lmex10' loaded for size
(Font)              <6> on input line 26.
LaTeX Font Info:    Trying to load font information for U+msa on input line 26.


(C:\Users\Julius\AppData\Local\Programs\MiKTeX\tex/latex/amsfonts\umsa.fd
File: umsa.fd 2013/01/14 v3.01 AMS symbols A
)
LaTeX Font Info:    Trying to load font information for U+msb on input line 26.


(C:\Users\Julius\AppData\Local\Programs\MiKTeX\tex/latex/amsfonts\umsb.fd
File: umsb.fd 2013/01/14 v3.01 AMS symbols B
)
LaTeX Font Info:    Trying to load font information for U+esvect on input line 
26.

(C:\Users\Julius\AppData\Local\Programs\MiKTeX\tex/latex/esvect\uesvect.fd
File: uesvect.fd 
)

[1
Non-PDF special ignored!
<special> header=psfrag.pro




{C:/Users/Julius/AppData/Local/MiKTeX/fonts/map/pdftex/pdftex.map}{C:/Users/Jul
ius/AppData/Local/Programs/MiKTeX/fonts/enc/dvips/lm/lm-ec.enc} <./4_Abbildunge
n/1_Praeambel/RWTH_IST_Logo.pdf>])

[2




] (Abschlussarbeit.toc

[1


])
\tf@toc=\write6
\openout6 = `Abschlussarbeit.toc'.



[2] (Abschlussarbeit.lof)
\tf@lof=\write7
\openout7 = `Abschlussarbeit.lof'.



[3


{C:/Users/Julius/AppData/Local/Programs/MiKTeX/fonts/enc/dvips/lm/lm-mathit.enc
}{C:/Users/Julius/AppData/Local/Programs/MiKTeX/fonts/enc/dvips/lm/lm-rm.enc}]

[4


] (Abschlussarbeit.lot)
\tf@lot=\write8
\openout8 = `Abschlussarbeit.lot'.



[5]
\openout2 = `1_Praeambel/Symbolverzeichnis.aux'.

 (1_Praeambel/Symbolverzeichnis.tex

[6



]
Underfull \vbox (badness 10000) has occurred while \output is active []



[7]

[8])

[9]

[10




]
\openout2 = `2_Hauptteil/1_Einleitung.aux'.

 (2_Hauptteil/1_Einleitung.tex
chapter 1.
)

[1



]
\openout2 = `2_Hauptteil/2_Grundlagen.aux'.

 (2_Hauptteil/2_Grundlagen.tex

[2





]
chapter 2.


[3]
Underfull \hbox (badness 1331) in paragraph at lines 20--21
\T1/lmr/m/n/12 weise als Krei-sel-pum-pe aus-ge-fhrt. Ih-re Auf-ga-be be-steht
 dar-in, die Druck-ver-lus-
 []


Underfull \hbox (badness 1472) in paragraph at lines 20--21
\T1/lmr/m/n/12 Kraftstoffpumpe (engl.: High-Pressure Fuel Pump, HPFP) ei-ne Dru
ck-mar-ge zum
 []



[4]
<4_Abbildungen/2_Hauptteil/Kraftstoffsystem Abbildungen/CFM56 Kraftstoffsystem 
2.pdf, id=346, 455.2441pt x 213.39565pt>
File: 4_Abbildungen/2_Hauptteil/Kraftstoffsystem Abbildungen/CFM56 Kraftstoffsy
stem 2.pdf Graphic file (type pdf)
<use 4_Abbildungen/2_Hauptteil/Kraftstoffsystem Abbildungen/CFM56 Kraftstoffsys
tem 2.pdf>
Package pdftex.def Info: 4_Abbildungen/2_Hauptteil/Kraftstoffsystem Abbildungen
/CFM56 Kraftstoffsystem 2.pdf  used on input line 42.
(pdftex.def)             Requested size: 455.24408pt x 213.40489pt.


[5 <./4_Abbildungen/2_Hauptteil/Kraftstoffsystem Abbildungen/CFM56 Kraftstoffsy
stem 2.pdf>]
<4_Abbildungen/2_Hauptteil/Advanced Cycles.png, id=380, 1505.625pt x 552.0625pt
>
File: 4_Abbildungen/2_Hauptteil/Advanced Cycles.png Graphic file (type png)
<use 4_Abbildungen/2_Hauptteil/Advanced Cycles.png>
Package pdftex.def Info: 4_Abbildungen/2_Hauptteil/Advanced Cycles.png  used on
 input line 60.
(pdftex.def)             Requested size: 341.43306pt x 125.19427pt.


[6]

[7 <./4_Abbildungen/2_Hauptteil/Advanced Cycles.png (PNG copy)>]
Underfull \hbox (badness 1917) in paragraph at lines 88--89
\T1/lmr/m/n/12 Brewer [[]] be-schreibt in sei-nem Buch einen denk-ba-ren An-sat
z fr Wasserstoff-
 []



[8]
<4_Abbildungen/2_Hauptteil/Kraftstoffsystem Abbildungen/brewer.pdf, id=425, 455
.2441pt x 227.62209pt>
File: 4_Abbildungen/2_Hauptteil/Kraftstoffsystem Abbildungen/brewer.pdf Graphic
 file (type pdf)
<use 4_Abbildungen/2_Hauptteil/Kraftstoffsystem Abbildungen/brewer.pdf>
Package pdftex.def Info: 4_Abbildungen/2_Hauptteil/Kraftstoffsystem Abbildungen
/brewer.pdf  used on input line 93.
(pdftex.def)             Requested size: 455.24408pt x 227.63193pt.
)

[9 <./4_Abbildungen/2_Hauptteil/Kraftstoffsystem Abbildungen/brewer.pdf>]
\openout2 = `2_Hauptteil/3_Methodik.aux'.


(2_Hauptteil/3_Methodik.tex

[10





]
chapter 3.

Underfull \hbox (badness 1616) in paragraph at lines 5--6
\T1/lmr/m/n/12 Ziel die-ser Ar-beit ist die Ent-wick-lung einer Me-tho-de fr d
ie Mo-del-lie-rung von
 []



[11{C:/Users/Julius/AppData/Local/Programs/MiKTeX/fonts/enc/dvips/lm/lm-mathsy.
enc}]
<4_Abbildungen/2_Hauptteil/solver.pdf, id=472, 455.2441pt x 441.01773pt>
File: 4_Abbildungen/2_Hauptteil/solver.pdf Graphic file (type pdf)
<use 4_Abbildungen/2_Hauptteil/solver.pdf>
Package pdftex.def Info: 4_Abbildungen/2_Hauptteil/solver.pdf  used on input li
ne 39.
(pdftex.def)             Requested size: 364.19664pt x 352.82811pt.


[12]

[13 <./4_Abbildungen/2_Hauptteil/solver.pdf>]
<4_Abbildungen/2_Hauptteil/Kraftstoffsystem Abbildungen/Referenz.pdf, id=508, 4
55.2441pt x 213.39565pt>
File: 4_Abbildungen/2_Hauptteil/Kraftstoffsystem Abbildungen/Referenz.pdf Graph
ic file (type pdf)
<use 4_Abbildungen/2_Hauptteil/Kraftstoffsystem Abbildungen/Referenz.pdf>
Package pdftex.def Info: 4_Abbildungen/2_Hauptteil/Kraftstoffsystem Abbildungen
/Referenz.pdf  used on input line 57.
(pdftex.def)             Requested size: 455.24408pt x 213.40489pt.


[14 <./4_Abbildungen/2_Hauptteil/Kraftstoffsystem Abbildungen/Referenz.pdf>]
Underfull \hbox (badness 2970) in paragraph at lines 75--76
\T1/lmr/m/n/12 Die ab-hn-gi-gen Va-ria-blen des Re-fe-renz-kraft-stoff-sys-tem
s sind der Brennkammer-
 []


Underfull \vbox (badness 4518) has occurred while \output is active []



[15]
Underfull \hbox (badness 1184) in paragraph at lines 109--110
\T1/lmr/m/n/12 Im Ge-gen-satz zu dem kon-ven-tio-nel-len Kraftstoff-system wird
 bei der Wasserstoff-
 []

<4_Abbildungen/2_Hauptteil/Kraftstoffsystem Abbildungen/pump.pdf, id=533, 455.2
441pt x 184.94295pt>
File: 4_Abbildungen/2_Hauptteil/Kraftstoffsystem Abbildungen/pump.pdf Graphic f
ile (type pdf)
<use 4_Abbildungen/2_Hauptteil/Kraftstoffsystem Abbildungen/pump.pdf>
Package pdftex.def Info: 4_Abbildungen/2_Hauptteil/Kraftstoffsystem Abbildungen
/pump.pdf  used on input line 113.
(pdftex.def)             Requested size: 455.24408pt x 184.95093pt.


[16]

[17 <./4_Abbildungen/2_Hauptteil/Kraftstoffsystem Abbildungen/pump.pdf>]
<4_Abbildungen/2_Hauptteil/Kraftstoffsystem Abbildungen/after.pdf, id=566, 455.
2441pt x 241.84845pt>
File: 4_Abbildungen/2_Hauptteil/Kraftstoffsystem Abbildungen/after.pdf Graphic 
file (type pdf)
<use 4_Abbildungen/2_Hauptteil/Kraftstoffsystem Abbildungen/after.pdf>
Package pdftex.def Info: 4_Abbildungen/2_Hauptteil/Kraftstoffsystem Abbildungen
/after.pdf  used on input line 135.
(pdftex.def)             Requested size: 455.24408pt x 241.85892pt.


[18 <./4_Abbildungen/2_Hauptteil/Kraftstoffsystem Abbildungen/after.pdf>]
<4_Abbildungen/2_Hauptteil/Kraftstoffsystem Abbildungen/dual.pdf, id=592, 455.2
441pt x 213.39565pt>
File: 4_Abbildungen/2_Hauptteil/Kraftstoffsystem Abbildungen/dual.pdf Graphic f
ile (type pdf)
<use 4_Abbildungen/2_Hauptteil/Kraftstoffsystem Abbildungen/dual.pdf>
Package pdftex.def Info: 4_Abbildungen/2_Hauptteil/Kraftstoffsystem Abbildungen
/dual.pdf  used on input line 151.
(pdftex.def)             Requested size: 455.24408pt x 213.40489pt.


[19 <./4_Abbildungen/2_Hauptteil/Kraftstoffsystem Abbildungen/dual.pdf>]

[20]

[21{C:/Users/Julius/AppData/Local/Programs/MiKTeX/fonts/enc/dvips/lm/lm-mathex.
enc}]
<4_Abbildungen/2_Hauptteil/hx.pdf, id=637, 466.57901pt x 291.47073pt>
File: 4_Abbildungen/2_Hauptteil/hx.pdf Graphic file (type pdf)
<use 4_Abbildungen/2_Hauptteil/hx.pdf>
Package pdftex.def Info: 4_Abbildungen/2_Hauptteil/hx.pdf  used on input line 2
46.
(pdftex.def)             Requested size: 455.24408pt x 284.39851pt.


[22 <./4_Abbildungen/2_Hauptteil/hx.pdf>]

[23]
Underfull \hbox (badness 1342) in paragraph at lines 290--291
[]\T1/lmr/m/n/12 mit den mo-la-ren Mas-sen $\OML/lmm/m/it/12 M[]$ \T1/lmr/m/n/1
2 und $\OML/lmm/m/it/12 M[]$ \T1/lmr/m/n/12 be-rech-net. Mit dem Kraftstoff-Luf
t-
 []



[24]
Underfull \hbox (badness 2564) in paragraph at lines 334--335
[]\T1/lmr/m/n/12 Abschlieend wird die in-fol-ge der Fan-Zapfluftentnahme er-fo
r-der-li-che zu-stz-li-che
 []


Underfull \hbox (badness 10000) in paragraph at lines 370--371
\T1/lmr/m/n/12 Die Kraft-stoff-mas-sen-str-me $[]$ im Rei-se-flug gel-ten fr 
Referenz-
 []


Underfull \hbox (badness 3471) in paragraph at lines 370--371
\T1/lmr/m/n/12 Kraftstofftemperaturen $\OML/lmm/m/it/12 T[]$ \T1/lmr/m/n/12 be-
zie-hungs-wei-se $\OML/lmm/m/it/12 T[]$\T1/lmr/m/n/12 . Der er-for-der-li-che K
raft-
 []



[25]
Underfull \vbox (badness 1052) has occurred while \output is active []



[26]
<4_Abbildungen/2_Hauptteil/spin.pdf, id=701, 415.41328pt x 249.50613pt>
File: 4_Abbildungen/2_Hauptteil/spin.pdf Graphic file (type pdf)
<use 4_Abbildungen/2_Hauptteil/spin.pdf>
Package pdftex.def Info: 4_Abbildungen/2_Hauptteil/spin.pdf  used on input line
 417.
(pdftex.def)             Requested size: 455.24408pt x 273.42964pt.


[27 <./4_Abbildungen/2_Hauptteil/spin.pdf>]

[28]

[29])

[30]
\openout2 = `2_Hauptteil/4_Parametrierung.aux'.

 (2_Hauptteil/4_Parametrierung.tex
chapter 4.


[31





]
Underfull \vbox (badness 3780) has occurred while \output is active []



[32]
<4_Abbildungen/2_Hauptteil/sankey.pdf, id=777, 455.2441pt x 256.0748pt>
File: 4_Abbildungen/2_Hauptteil/sankey.pdf Graphic file (type pdf)
<use 4_Abbildungen/2_Hauptteil/sankey.pdf>
Package pdftex.def Info: 4_Abbildungen/2_Hauptteil/sankey.pdf  used on input li
ne 66.
(pdftex.def)             Requested size: 455.24408pt x 256.08588pt.


[33 <./4_Abbildungen/2_Hauptteil/sankey.pdf>]

[34]

[35]

[36]
Underfull \vbox (badness 10000) has occurred while \output is active []



[37]

[38]
Underfull \hbox (badness 1221) in paragraph at lines 180--181
\T1/lmr/m/n/12 Die er-for-der-li-chen Heiz-wer-te bei den je-wei-li-gen Re-fe-r
enz-tem-pe-ra-tu-ren wer-den aus
 []



[39]

[40]
Underfull \hbox (badness 10000) in paragraph at lines 287--288
\T1/lmr/m/n/12 Im Fol-gen-den wer-den die ab-hn-gi-gen Va-ria-blen, al-so die 
Brennkammer-
 []


Underfull \hbox (badness 3919) in paragraph at lines 287--288
\T1/lmr/m/n/12 Eintrittsdruck der Kraftstoff-systeme be-rech-net. An-schlie-en
d wird die zu-ls-si-ge
 []


Underfull \hbox (badness 3068) in paragraph at lines 287--288
\T1/lmr/m/n/12 Brennkammer-Eintrittstemperatur fr das Re-fe-renz-kraft-stoff-s
ys-tem be-stimmt. Zu-
 []


Underfull \hbox (badness 4913) in paragraph at lines 287--288
\T1/lmr/m/n/12 Wrmebertrager-Eintrittstemperaturen der Wasserstoff-Kraftstoff
systeme in einer
 []


Underfull \vbox (badness 7963) has occurred while \output is active []



[41]
Underfull \hbox (badness 2717) in paragraph at lines 295--296
\T1/lmr/m/n/12 Fr das Re-fe-renz-kraft-stoff-sys-tem gilt, dass zur Re-du-zie-
rung der Brennkammer-
 []


Underfull \hbox (badness 10000) in paragraph at lines 301--302
\T1/lmr/m/n/12 Das Enab-leH2 Pro-jekt [[]] so-wie Bre-wer [[]] ge-hen von Brenn
kammer-
 []


Underfull \hbox (badness 2173) in paragraph at lines 301--302
\T1/lmr/m/n/12 Eintrittstemperaturen von ber $\OT1/lmr/m/n/12 650$$K$ \T1/lmr/
m/n/12 aus. Die-se ho-hen Tem-pe-ra-tu-ren er-rei-chen
 []



[42])

[43]
\openout2 = `2_Hauptteil/5_Ergebnisse.aux'.

 (2_Hauptteil/5_Ergebnisse.tex

[44





]
chapter 5.


[45]
Underfull \hbox (badness 1117) in paragraph at lines 48--49
[]\T1/lmr/m/n/12 Mit ei-nem An-stieg der Leis-tun-gen um $\OT1/lmr/m/n/12 +5\OM
L/lmm/m/it/12 ;\OT1/lmr/m/n/12 39 %$ \T1/lmr/m/n/12 hat die Er-h-hung der Leit
ungs-
 []


Underfull \hbox (badness 1694) in paragraph at lines 48--49
\T1/lmr/m/n/12 Druckverluste bei Wei-tem die gr-te Aus-wir-kung auf die Mo-de
l-lie-rung des H$[]$-
 []



[46]

[47]
Underfull \hbox (badness 2165) in paragraph at lines 116--117
\T1/lmr/m/n/12 tungs-be-darf der Pum-pen. Im Ver-gleich ha-ben die Va-ria-ti-on
 der Leitungs- und
 []



[48]
Underfull \hbox (badness 2088) in paragraph at lines 171--172
\T1/lmr/m/n/12 Um die Wech-sel-wir-kung zwi-schen Wrmebertrager- und Brennkam
mer-Eintritts-
 []



[49]
<4_Abbildungen/2_Hauptteil/Ergebnisse/Pumpepowercontour.pdf, id=976, 416.74666p
t x 282.36908pt>
File: 4_Abbildungen/2_Hauptteil/Ergebnisse/Pumpepowercontour.pdf Graphic file (
type pdf)
<use 4_Abbildungen/2_Hauptteil/Ergebnisse/Pumpepowercontour.pdf>
Package pdftex.def Info: 4_Abbildungen/2_Hauptteil/Ergebnisse/Pumpepowercontour
.pdf  used on input line 179.
(pdftex.def)             Requested size: 409.71689pt x 277.6203pt.

Underfull \hbox (badness 10000) in paragraph at lines 185--186
[]\T1/lmr/m/n/12 Der Ge-samt-leis-tungs-be-darf steigt mit zu-neh-men-der Wrme
bertrager-
 []

<4_Abbildungen/2_Hauptteil/Ergebnisse/Pumpe_powersplit.pdf, id=978, 443.68091pt
 x 219.10898pt>
File: 4_Abbildungen/2_Hauptteil/Ergebnisse/Pumpe_powersplit.pdf Graphic file (t
ype pdf)
<use 4_Abbildungen/2_Hauptteil/Ergebnisse/Pumpe_powersplit.pdf>
Package pdftex.def Info: 4_Abbildungen/2_Hauptteil/Ergebnisse/Pumpe_powersplit.
pdf  used on input line 189.
(pdftex.def)             Requested size: 409.71689pt x 202.34497pt.


[50 <./4_Abbildungen/2_Hauptteil/Ergebnisse/Pumpepowercontour.pdf>]
<4_Abbildungen/2_Hauptteil/Ergebnisse/Pumpeheatcontour.pdf, id=999, 416.74666pt
 x 282.36908pt>
File: 4_Abbildungen/2_Hauptteil/Ergebnisse/Pumpeheatcontour.pdf Graphic file (t
ype pdf)
<use 4_Abbildungen/2_Hauptteil/Ergebnisse/Pumpeheatcontour.pdf>
Package pdftex.def Info: 4_Abbildungen/2_Hauptteil/Ergebnisse/Pumpeheatcontour.
pdf  used on input line 199.
(pdftex.def)             Requested size: 409.71689pt x 277.6203pt.
<4_Abbildungen/2_Hauptteil/Ergebnisse/Pumpemassflowcontour.pdf, id=1001, 416.74
666pt x 282.36908pt>
File: 4_Abbildungen/2_Hauptteil/Ergebnisse/Pumpemassflowcontour.pdf Graphic fil
e (type pdf)
<use 4_Abbildungen/2_Hauptteil/Ergebnisse/Pumpemassflowcontour.pdf>
Package pdftex.def Info: 4_Abbildungen/2_Hauptteil/Ergebnisse/Pumpemassflowcont
our.pdf  used on input line 209.
(pdftex.def)             Requested size: 409.71689pt x 277.6203pt.


[51 <./4_Abbildungen/2_Hauptteil/Ergebnisse/Pumpe_powersplit.pdf> <./4_Abbildun
gen/2_Hauptteil/Ergebnisse/Pumpeheatcontour.pdf>]
Underfull \hbox (badness 2913) in paragraph at lines 215--216
[]\T1/lmr/m/n/12 Die Leis-tung des Re-zir-ku-la-ti-ons-ver-dich-ters bei ho-hen
 Wrmebertrager-Eintritts-
 []


Underfull \hbox (badness 2035) in paragraph at lines 220--221
\T1/lmr/m/n/12 Im Fol-gen-den wer-den die Er-geb-nis-se der Pa-ra-me-ter-stu-di
e fr die ver-schie-de-nen
 []

<4_Abbildungen/2_Hauptteil/Ergebnisse/summary_power.pdf, id=1038, 417.1022pt x 
228.49902pt>
File: 4_Abbildungen/2_Hauptteil/Ergebnisse/summary_power.pdf Graphic file (type
 pdf)
<use 4_Abbildungen/2_Hauptteil/Ergebnisse/summary_power.pdf>
Package pdftex.def Info: 4_Abbildungen/2_Hauptteil/Ergebnisse/summary_power.pdf
  used on input line 224.
(pdftex.def)             Requested size: 409.71689pt x 224.45396pt.


[52 <./4_Abbildungen/2_Hauptteil/Ergebnisse/Pumpemassflowcontour.pdf>]
<4_Abbildungen/2_Hauptteil/Ergebnisse/300summary_powersplit.pdf, id=1062, 416.7
4666pt x 238.55182pt>
File: 4_Abbildungen/2_Hauptteil/Ergebnisse/300summary_powersplit.pdf Graphic fi
le (type pdf)
<use 4_Abbildungen/2_Hauptteil/Ergebnisse/300summary_powersplit.pdf>
Package pdftex.def Info: 4_Abbildungen/2_Hauptteil/Ergebnisse/300summary_powers
plit.pdf  used on input line 234.
(pdftex.def)             Requested size: 409.71689pt x 234.53993pt.


[53 <./4_Abbildungen/2_Hauptteil/Ergebnisse/summary_power.pdf> <./4_Abbildungen
/2_Hauptteil/Ergebnisse/300summary_powersplit.pdf>]
<4_Abbildungen/2_Hauptteil/Ergebnisse/tbkcomp.pdf, id=1094, 416.74666pt x 282.3
6908pt>
File: 4_Abbildungen/2_Hauptteil/Ergebnisse/tbkcomp.pdf Graphic file (type pdf)
<use 4_Abbildungen/2_Hauptteil/Ergebnisse/tbkcomp.pdf>
Package pdftex.def Info: 4_Abbildungen/2_Hauptteil/Ergebnisse/tbkcomp.pdf  used
 on input line 244.
(pdftex.def)             Requested size: 318.66946pt x 215.92976pt.

Underfull \hbox (badness 10000) in paragraph at lines 252--253
[]\T1/lmr/m/n/12 Abbildung [][]5.8[][] gibt einen ber-blick der Leis-tungs-an-
tei-le der Wasserstoff-
 []


Underfull \hbox (badness 3460) in paragraph at lines 252--253
\T1/lmr/m/n/12 dar-ge-stellt. Die mitt-le-re Spal-te zeigt die Leis-tungs-an-te
i-le in Ab-hn-gig-keit der
 []

<4_Abbildungen/2_Hauptteil/Ergebnisse/stackplot_summary.pdf, id=1096, 402.48816
pt x 403.83348pt>
File: 4_Abbildungen/2_Hauptteil/Ergebnisse/stackplot_summary.pdf Graphic file (
type pdf)
<use 4_Abbildungen/2_Hauptteil/Ergebnisse/stackplot_summary.pdf>
Package pdftex.def Info: 4_Abbildungen/2_Hauptteil/Ergebnisse/stackplot_summary
.pdf  used on input line 256.
(pdftex.def)             Requested size: 455.24408pt x 456.7825pt.


[54 <./4_Abbildungen/2_Hauptteil/Ergebnisse/tbkcomp.pdf>]
Underfull \hbox (badness 1924) in paragraph at lines 264--265
[]\T1/lmr/m/n/12 Eine di-rek-te Emp-feh-lung spe-zi-fi-scher Eintritts-temperat
uren lsst sich aus die-sen
 []



[55 <./4_Abbildungen/2_Hauptteil/Ergebnisse/stackplot_summary.pdf>]
Underfull \hbox (badness 2393) in paragraph at lines 268--269
\T1/lmr/m/n/12 sys-tem ver-gli-chen. Ab-bil-dung [][]5.9[][] zeigt den Be-trieb
s-mit-tel-be-darf der ver-schie-de-
 []

<4_Abbildungen/2_Hauptteil/Ergebnisse/refcomp.pdf, id=1152, 505.76123pt x 266.7
8087pt>
File: 4_Abbildungen/2_Hauptteil/Ergebnisse/refcomp.pdf Graphic file (type pdf)
<use 4_Abbildungen/2_Hauptteil/Ergebnisse/refcomp.pdf>
Package pdftex.def Info: 4_Abbildungen/2_Hauptteil/Ergebnisse/refcomp.pdf  used
 on input line 272.
(pdftex.def)             Requested size: 455.24408pt x 240.13718pt.
<4_Abbildungen/2_Hauptteil/Ergebnisse/refenergy.pdf, id=1154, 484.05492pt x 266
.78087pt>
File: 4_Abbildungen/2_Hauptteil/Ergebnisse/refenergy.pdf Graphic file (type pdf
)
<use 4_Abbildungen/2_Hauptteil/Ergebnisse/refenergy.pdf>
Package pdftex.def Info: 4_Abbildungen/2_Hauptteil/Ergebnisse/refenergy.pdf  us
ed on input line 285.
(pdftex.def)             Requested size: 455.24408pt x 250.91243pt.


[56 <./4_Abbildungen/2_Hauptteil/Ergebnisse/refcomp.pdf>])
Underfull \hbox (badness 10000) in paragraph at lines 291--66
[]\T1/lmr/m/n/12 Trotz des zu-stz-li-chen Be-triebs-mit-tel-be-darfs ver-brau-
chen die Wasserstoff-
 []



[57 <./4_Abbildungen/2_Hauptteil/Ergebnisse/refenergy.pdf>]
\openout2 = `2_Hauptteil/7_Zusammenfassung.aux'.


(2_Hauptteil/7_Zusammenfassung.tex

[58





]
chapter 6.
)

[59] (Abschlussarbeit.bbl

[60




]
Underfull \hbox (badness 6428) in paragraph at lines 33--39
[]\T1/lmr/m/sc/12 Aviation Know-led-ge\T1/lmr/m/n/12 :  \T1/lmr/m/it/12 Air-bus
 A320 Power Plant PW1100G En-gi-ne
 []


Underfull \hbox (badness 10000) in paragraph at lines 41--46
[]\T1/lmr/m/sc/12 Aviation Know-led-ge\T1/lmr/m/n/12 :  \T1/lmr/m/it/12 Power P
lant PW1100G Pre-sen-ta-ti-on
 []


Underfull \hbox (badness 10000) in paragraph at lines 41--46
\T1/lmr/m/it/12 Air-bus NEO En-gi-ne\T1/lmr/m/n/12 .  [][]$https : / / www . av
iationknowledge . in / 2022 / 09 /
 []


Underfull \hbox (badness 10000) in paragraph at lines 91--96
[][]$\T1/lmr/m/n/12 https : / / www . easa . europa . eu / en / document-[]libr
ary / type-[]certi^^\cates / engine-[]cs-[]e /
 []


Underfull \hbox (badness 5161) in paragraph at lines 99--104
[]\T1/lmr/m/sc/12 Eaton Fuel Sys-tems Di-vi-si-on\T1/lmr/m/n/12 :  \T1/lmr/m/it
/12 Main Ge-ar Fuel Pumps\T1/lmr/m/n/12 .  [][]$https :
 []


Underfull \hbox (badness 10000) in paragraph at lines 99--104
\T1/lmr/m/n/12 / / www . eaton . com / content / dam / eaton / products / pumps
 / aerospace-[]fuel-[]pumps /
 []


Underfull \hbox (badness 10000) in paragraph at lines 107--112
[]\T1/lmr/m/sc/12 Eaton Fuel Sys-tems Di-vi-si-on\T1/lmr/m/n/12 :  \T1/lmr/m/it
/12 Fuel Boost Pump Ty-
 []


Underfull \hbox (badness 10000) in paragraph at lines 107--112
\T1/lmr/m/it/12 pe 8410 and Ca-nis-ter Ty-pe 8411\T1/lmr/m/n/12 .  [][]$https :
 / / www . eaton . com /
 []


Underfull \hbox (badness 10000) in paragraph at lines 107--112
\T1/lmr/m/n/12 content / dam / eaton / products / pumps / aerospace-[]fuel-[]pu
mps / documents /
 []



[61]

[62]
Underfull \hbox (badness 2990) in paragraph at lines 317--322
[]\T1/lmr/m/sc/12 Patrao\T1/lmr/m/n/12 , Alex-and-re C. ; \T1/lmr/m/sc/12 Xi-st
o\T1/lmr/m/n/12 , Car-los ; \T1/lmr/m/sc/12 Jons-son\T1/lmr/m/n/12 , Isak ; \T1
/lmr/m/sc/12 Lundb-ladh\T1/lmr/m/n/12 ,
 []


Underfull \hbox (badness 6775) in paragraph at lines 317--322
\T1/lmr/m/n/12 An-ders:  \T1/lmr/m/it/12 ENAB-LEH2: D2.4 - Fi-nal re-port on he
-at ma-na-ge-ment sys-
 []


Underfull \hbox (badness 10000) in paragraph at lines 317--322
\T1/lmr/m/it/12 tem\T1/lmr/m/n/12 .  [][]$https : / / ec . europa . eu / resear
ch / participants / documents / downloadPublic ?
 []



[63]
Underfull \hbox (badness 1596) in paragraph at lines 388--394
[]\T1/lmr/m/sc/12 Shaffer\T1/lmr/m/n/12 , Bry-ce:  \T1/lmr/m/it/12 Air Squa-red
 De-ve-lops World's First Small-Scale Po-si-ti-ve
 []


Underfull \hbox (badness 10000) in paragraph at lines 388--394
\T1/lmr/m/n/12 develops _ world _ s _ ^^\rst _ small _ scale _ positive _ displ
acement _ cryogenic _ pump /
 []



[64])

[65]

[66


] (Abschlussarbeit.tdo)
\tf@tdo=\write9
\openout9 = `Abschlussarbeit.tdo'.



[67] (Abschlussarbeit.aux (1_Praeambel/Titelseite.aux)
(1_Praeambel/Symbolverzeichnis.aux) (2_Hauptteil/1_Einleitung.aux)
(2_Hauptteil/2_Grundlagen.aux) (2_Hauptteil/3_Methodik.aux)
(2_Hauptteil/4_Parametrierung.aux) (2_Hauptteil/5_Ergebnisse.aux)
(2_Hauptteil/7_Zusammenfassung.aux))
 ***********
LaTeX2e <2024-11-01> patch level 2
L3 programming layer <2025-01-18>
 ***********
Package rerunfilecheck Info: File `Abschlussarbeit.out' has not changed.
(rerunfilecheck)             Checksum: D41D8CD98F00B204E9800998ECF8427E;0.
 ) 
Here is how much of TeX's memory you used:
 37744 strings out of 473523
 814717 string characters out of 5714146
 1310571 words of memory out of 5000000
 59933 multiletter control sequences out of 15000+600000
 622911 words of font info for 74 fonts, out of 8000000 for 9000
 1167 hyphenation exceptions out of 8191
 108i,14n,109p,10912b,1263s stack positions out of 10000i,1000n,20000p,200000b,200000s
<C:/Users/Julius/AppData/Local/Programs/MiKTeX/fonts/type1/public/amsfonts/cm
/cmmi10.pfb><C:/Users/Julius/AppData/Local/Programs/MiKTeX/fonts/type1/public/a
msfonts/cm/cmmi12.pfb><C:/Users/Julius/AppData/Local/Programs/MiKTeX/fonts/type
1/public/amsfonts/cm/cmmi6.pfb><C:/Users/Julius/AppData/Local/Programs/MiKTeX/f
onts/type1/public/amsfonts/cm/cmmi8.pfb><C:/Users/Julius/AppData/Local/Programs
/MiKTeX/fonts/type1/public/amsfonts/cm/cmmi9.pfb><C:/Users/Julius/AppData/Local
/Programs/MiKTeX/fonts/type1/public/amsfonts/cm/cmr10.pfb><C:/Users/Julius/AppD
ata/Local/Programs/MiKTeX/fonts/type1/public/amsfonts/cm/cmr12.pfb><C:/Users/Ju
lius/AppData/Local/Programs/MiKTeX/fonts/type1/public/amsfonts/cm/cmr6.pfb><C:/
Users/Julius/AppData/Local/Programs/MiKTeX/fonts/type1/public/amsfonts/cm/cmr8.
pfb><C:/Users/Julius/AppData/Local/Programs/MiKTeX/fonts/type1/public/amsfonts/
cm/cmr9.pfb><C:/Users/Julius/AppData/Local/Programs/MiKTeX/fonts/type1/public/a
msfonts/cm/cmsy10.pfb><C:/Users/Julius/AppData/Local/Programs/MiKTeX/fonts/type
1/public/amsfonts/cm/cmsy9.pfb><C:/Users/Julius/AppData/Local/Programs/MiKTeX/f
onts/type1/public/amsfonts/latxfont/line10.pfb><C:/Users/Julius/AppData/Local/P
rograms/MiKTeX/fonts/type1/public/lm/lmbx12.pfb><C:/Users/Julius/AppData/Local/
Programs/MiKTeX/fonts/type1/public/lm/lmcsc10.pfb><C:/Users/Julius/AppData/Loca
l/Programs/MiKTeX/fonts/type1/public/lm/lmex10.pfb><C:/Users/Julius/AppData/Loc
al/Programs/MiKTeX/fonts/type1/public/lm/lmmi12.pfb><C:/Users/Julius/AppData/Lo
cal/Programs/MiKTeX/fonts/type1/public/lm/lmmi6.pfb><C:/Users/Julius/AppData/Lo
cal/Programs/MiKTeX/fonts/type1/public/lm/lmmi8.pfb><C:/Users/Julius/AppData/Lo
cal/Programs/MiKTeX/fonts/type1/public/lm/lmr12.pfb><C:/Users/Julius/AppData/Lo
cal/Programs/MiKTeX/fonts/type1/public/lm/lmr6.pfb><C:/Users/Julius/AppData/Loc
al/Programs/MiKTeX/fonts/type1/public/lm/lmr8.pfb><C:/Users/Julius/AppData/Loca
l/Programs/MiKTeX/fonts/type1/public/lm/lmri12.pfb><C:/Users/Julius/AppData/Loc
al/Programs/MiKTeX/fonts/type1/public/lm/lmro12.pfb><C:/Users/Julius/AppData/Lo
cal/Programs/MiKTeX/fonts/type1/public/lm/lmss12.pfb><C:/Users/Julius/AppData/L
ocal/Programs/MiKTeX/fonts/type1/public/lm/lmss17.pfb><C:/Users/Julius/AppData/
Local/Programs/MiKTeX/fonts/type1/public/lm/lmssbx10.pfb><C:/Users/Julius/AppDa
ta/Local/Programs/MiKTeX/fonts/type1/public/lm/lmsy10.pfb><C:/Users/Julius/AppD
ata/Local/Programs/MiKTeX/fonts/type1/public/lm/lmsy6.pfb><C:/Users/Julius/AppD
ata/Local/Programs/MiKTeX/fonts/type1/public/lm/lmsy8.pfb>
Output written on Abschlussarbeit.pdf (79 pages, 12671079 bytes).
PDF statistics:
 1672 PDF objects out of 1728 (max. 8388607)
 278 named destinations out of 1000 (max. 500000)
 691 words of extra memory for PDF output out of 10000 (max. 10000000)

